#
# There is insufficient memory for the Java Runtime Environment to continue.
# Native memory allocation (malloc) failed to allocate 1048576 bytes for AllocateHeap
# Possible reasons:
#   The system is out of physical RAM or swap space
#   The process is running with CompressedOops enabled, and the Java Heap may be blocking the growth of the native heap
# Possible solutions:
#   Reduce memory load on the system
#   Increase physical memory or swap space
#   Check if swap backing store is full
#   Decrease Java heap size (-Xmx/-Xms)
#   Decrease number of Java threads
#   Decrease Java thread stack sizes (-Xss)
#   Set larger code cache with -XX:ReservedCodeCacheSize=
#   JVM is running with Unscaled Compressed Oops mode in which the Java heap is
#     placed in the first 4GB address space. The Java Heap base address is the
#     maximum limit for the native heap growth. Please use -XX:HeapBaseMinAddress
#     to set the Java Heap base and to place the Java Heap above 4GB virtual address.
# This output file may be truncated or incomplete.
#
#  Out of Memory Error (./open/src/hotspot/share/memory/allocation.cpp:44), pid=7604, tid=9720
#
# JRE version: OpenJDK Runtime Environment (15.0+36) (build 15+36-1562)
# Java VM: OpenJDK 64-Bit Server VM (15+36-1562, mixed mode, sharing, tiered, compressed oops, g1 gc, windows-amd64)
# No core dump will be written. Minidumps are not enabled by default on client versions of Windows
#

---------------  S U M M A R Y ------------

Command Line: -Dfile.encoding=UTF-8 bukuperpus.Home

Host: Intel(R) Pentium(R) CPU 987 @ 1.50GHz, 2 cores, 7G,  Windows 10 , 64 bit Build 19041 (10.0.19041.662)
Time: Wed Jan 13 21:06:07 2021 SE Asia Standard Time elapsed time: 2.776609 seconds (0d 0h 0m 2s)

---------------  T H R E A D  ---------------

Current thread (0x00000170a3f35600):  VMThread "VM Thread" [stack: 0x00000056e3d00000,0x00000056e3e00000] [id=9720]

Stack: [0x00000056e3d00000,0x00000056e3e00000]
[error occurred during error reporting (printing stack bounds), id 0xc0000005, EXCEPTION_ACCESS_VIOLATION (0xc0000005) at pc=0x000001708e2810bd]

Native frames: (J=compiled Java code, j=interpreted, Vv=VM code, C=native code)
V  [jvm.dll+0x629eaa]
V  [jvm.dll+0x780379]
V  [jvm.dll+0x781ad3]
V  [jvm.dll+0x782095]
V  [jvm.dll+0x78204b]
V  [jvm.dll+0x629379]
V  [jvm.dll+0x629b48]
C  [ntdll.dll+0xa130f]
C  [ntdll.dll+0x4b5e4]
C  [ntdll.dll+0x9fe3e]
C  0x000001708e2810bd

VM_Operation (0x00000056e4cfd810): CollectForMetadataAllocation, mode: safepoint, requested by thread 0x00000170a4ba35a0


---------------  P R O C E S S  ---------------

Threads class SMR info:
_java_thread_list=0x00000170a532a990, length=16, elements={
0x00000170a3f37620, 0x00000170a3f38990, 0x00000170a3f4c390, 0x00000170a3f4fe60,
0x00000170a3f510b0, 0x00000170a3f52630, 0x00000170a3f5f150, 0x00000170a3f6dda0,
0x00000170a487dc60, 0x00000170a489c690, 0x00000170a4b20ca0, 0x00000170a4b25180,
0x00000170a4b2bad0, 0x00000170a4ba35a0, 0x0000017086057790, 0x00000170a552e020
}

Java Threads: ( => current thread )
  0x00000170a3f37620 JavaThread "Reference Handler" daemon [_thread_blocked, id=14128, stack(0x00000056e3e00000,0x00000056e3f00000)]
  0x00000170a3f38990 JavaThread "Finalizer" daemon [_thread_blocked, id=10648, stack(0x00000056e3f00000,0x00000056e4000000)]
  0x00000170a3f4c390 JavaThread "Signal Dispatcher" daemon [_thread_blocked, id=12500, stack(0x00000056e4000000,0x00000056e4100000)]
  0x00000170a3f4fe60 JavaThread "Attach Listener" daemon [_thread_blocked, id=14056, stack(0x00000056e4100000,0x00000056e4200000)]
  0x00000170a3f510b0 JavaThread "Service Thread" daemon [_thread_blocked, id=10720, stack(0x00000056e4200000,0x00000056e4300000)]
  0x00000170a3f52630 JavaThread "C2 CompilerThread0" daemon [_thread_blocked, id=5264, stack(0x00000056e4300000,0x00000056e4400000)]
  0x00000170a3f5f150 JavaThread "C1 CompilerThread0" daemon [_thread_blocked, id=11160, stack(0x00000056e4400000,0x00000056e4500000)]
  0x00000170a3f6dda0 JavaThread "Sweeper thread" daemon [_thread_blocked, id=3032, stack(0x00000056e4500000,0x00000056e4600000)]
  0x00000170a487dc60 JavaThread "Notification Thread" daemon [_thread_blocked, id=13712, stack(0x00000056e4600000,0x00000056e4700000)]
  0x00000170a489c690 JavaThread "Common-Cleaner" daemon [_thread_blocked, id=2448, stack(0x00000056e4800000,0x00000056e4900000)]
  0x00000170a4b20ca0 JavaThread "Java2D Disposer" daemon [_thread_blocked, id=7468, stack(0x00000056e4900000,0x00000056e4a00000)]
  0x00000170a4b25180 JavaThread "AWT-Shutdown" [_thread_blocked, id=10812, stack(0x00000056e4a00000,0x00000056e4b00000)]
  0x00000170a4b2bad0 JavaThread "AWT-Windows" daemon [_thread_blocked, id=14300, stack(0x00000056e4b00000,0x00000056e4c00000)]
  0x00000170a4ba35a0 JavaThread "AWT-EventQueue-0" [_thread_blocked, id=13632, stack(0x00000056e4c00000,0x00000056e4d00000)]
  0x0000017086057790 JavaThread "DestroyJavaVM" [_thread_blocked, id=13784, stack(0x00000056e3700000,0x00000056e3800000)]
  0x00000170a552e020 JavaThread "mysql-cj-abandoned-connection-cleanup" daemon [_thread_blocked, id=8128, stack(0x00000056e4d00000,0x00000056e4e00000)]

Other Threads:
=>0x00000170a3f35600 VMThread "VM Thread" [stack: 0x00000056e3d00000,0x00000056e3e00000] [id=9720]
  0x00000170a487e130 WatcherThread [stack: 0x00000056e4700000,0x00000056e4800000] [id=6796]
  0x0000017086093880 GCTaskThread "GC Thread#0" [stack: 0x00000056e3800000,0x00000056e3900000] [id=5224]
  0x00000170a4b0bbe0 GCTaskThread "GC Thread#1" [stack: 0x00000056e4e00000,0x00000056e4f00000] [id=1208]
  0x00000170860a5820 ConcurrentGCThread "G1 Main Marker" [stack: 0x00000056e3900000,0x00000056e3a00000] [id=6148]
  0x00000170860a74a0 ConcurrentGCThread "G1 Conc#0" [stack: 0x00000056e3a00000,0x00000056e3b00000] [id=5616]
  0x0000017086116640 ConcurrentGCThread "G1 Refine#0" [stack: 0x00000056e3b00000,0x00000056e3c00000] [id=11892]
  0x00000170a552f140 ConcurrentGCThread "G1 Refine#1" [stack: 0x00000056e4f00000,0x00000056e5000000] [id=5796]
  0x00000170861172c0 ConcurrentGCThread "G1 Young RemSet Sampling" [stack: 0x00000056e3c00000,0x00000056e3d00000] [id=12320]

Threads with active compile tasks:

VM state: at safepoint (normal execution)

VM Mutex/Monitor currently owned by a thread:  ([mutex/lock_event])
[0x0000017086053da0] Threads_lock - owner thread: 0x00000170a3f35600
[0x0000017086052f00] Heap_lock - owner thread: 0x00000170a4ba35a0

Heap address: 0x0000000081a00000, size: 2022 MB, Compressed Oops mode: 32-bit
CDS archive(s) mapped at: [0x0000000800000000-0x0000000800b50000-0x0000000800b50000), size 11862016, SharedBaseAddress: 0x0000000800000000, ArchiveRelocationMode: 0.
Compressed class space mapped at: 0x0000000800b50000-0x0000000840b50000, size: 1073741824
Narrow klass base: 0x0000000800000000, Narrow klass shift: 3, Narrow klass range: 0x100000000

GC Precious Log:
 CPUs: 2 total, 2 available
 Memory: 8081M
 Large Page Support: Disabled
 NUMA Support: Disabled
 Compressed Oops: Enabled (32-bit)
 Heap Region Size: 1M
 Heap Min Capacity: 8M
 Heap Initial Capacity: 128M
 Heap Max Capacity: 2022M
 Pre-touch: Disabled
 Parallel Workers: 2
 Concurrent Workers: 1
 Concurrent Refinement Workers: 2
 Periodic GC: Disabled

Heap:
 garbage-first heap   total 131072K, used 7884K [0x0000000081a00000, 0x0000000100000000)
  region size 1024K, 2 young (2048K), 2 survivors (2048K)
 Metaspace       used 14273K, capacity 14513K, committed 14592K, reserved 1071104K
  class space    used 1617K, capacity 1713K, committed 1792K, reserved 1048576K

Heap Regions: E=young(eden), S=young(survivor), O=old, HS=humongous(starts), HC=humongous(continues), CS=collection set, F=free, OA=open archive, CA=closed archive, TAMS=top-at-mark-start (previous, next)
|   0|0x0000000081a00000, 0x0000000081b00000, 0x0000000081b00000|100%| O|  |TAMS 0x0000000081a00000, 0x0000000081b00000| Untracked 
|   1|0x0000000081b00000, 0x0000000081c00000, 0x0000000081c00000|100%| O|  |TAMS 0x0000000081b00000, 0x0000000081c00000| Untracked 
|   2|0x0000000081c00000, 0x0000000081d00000, 0x0000000081d00000|100%| O|  |TAMS 0x0000000081c00000, 0x0000000081c56400| Untracked 
|   3|0x0000000081d00000, 0x0000000081e00000, 0x0000000081e00000|100%|HS|  |TAMS 0x0000000081d00000, 0x0000000081e00000| Complete 
|   4|0x0000000081e00000, 0x0000000081f00000, 0x0000000081f00000|100%|HC|  |TAMS 0x0000000081e00000, 0x0000000081f00000| Complete 
|   5|0x0000000081f00000, 0x0000000081fb3200, 0x0000000082000000| 69%| O|  |TAMS 0x0000000081f00000, 0x0000000081f00000| Untracked 
|   6|0x0000000082000000, 0x0000000082000000, 0x0000000082100000|  0%| F|  |TAMS 0x0000000082000000, 0x0000000082000000| Untracked 
|   7|0x0000000082100000, 0x0000000082100000, 0x0000000082200000|  0%| F|  |TAMS 0x0000000082100000, 0x0000000082100000| Untracked 
|   8|0x0000000082200000, 0x0000000082200000, 0x0000000082300000|  0%| F|  |TAMS 0x0000000082200000, 0x0000000082200000| Untracked 
|   9|0x0000000082300000, 0x0000000082300000, 0x0000000082400000|  0%| F|  |TAMS 0x0000000082300000, 0x0000000082300000| Untracked 
|  10|0x0000000082400000, 0x0000000082400000, 0x0000000082500000|  0%| F|  |TAMS 0x0000000082400000, 0x0000000082400000| Untracked 
|  11|0x0000000082500000, 0x0000000082500000, 0x0000000082600000|  0%| F|  |TAMS 0x0000000082500000, 0x0000000082500000| Untracked 
|  12|0x0000000082600000, 0x0000000082600000, 0x0000000082700000|  0%| F|  |TAMS 0x0000000082600000, 0x0000000082600000| Untracked 
|  13|0x0000000082700000, 0x0000000082700000, 0x0000000082800000|  0%| F|  |TAMS 0x0000000082700000, 0x0000000082700000| Untracked 
|  14|0x0000000082800000, 0x0000000082800000, 0x0000000082900000|  0%| F|  |TAMS 0x0000000082800000, 0x0000000082800000| Untracked 
|  15|0x0000000082900000, 0x0000000082900000, 0x0000000082a00000|  0%| F|  |TAMS 0x0000000082900000, 0x0000000082900000| Untracked 
|  16|0x0000000082a00000, 0x0000000082a00000, 0x0000000082b00000|  0%| F|  |TAMS 0x0000000082a00000, 0x0000000082a00000| Untracked 
|  17|0x0000000082b00000, 0x0000000082b00000, 0x0000000082c00000|  0%| F|  |TAMS 0x0000000082b00000, 0x0000000082b00000| Untracked 
|  18|0x0000000082c00000, 0x0000000082c00000, 0x0000000082d00000|  0%| F|  |TAMS 0x0000000082c00000, 0x0000000082c00000| Untracked 
|  19|0x0000000082d00000, 0x0000000082d00000, 0x0000000082e00000|  0%| F|  |TAMS 0x0000000082d00000, 0x0000000082d00000| Untracked 
|  20|0x0000000082e00000, 0x0000000082e00000, 0x0000000082f00000|  0%| F|  |TAMS 0x0000000082e00000, 0x0000000082e00000| Untracked 
|  21|0x0000000082f00000, 0x0000000082f00000, 0x0000000083000000|  0%| F|  |TAMS 0x0000000082f00000, 0x0000000082f00000| Untracked 
|  22|0x0000000083000000, 0x0000000083000000, 0x0000000083100000|  0%| F|  |TAMS 0x0000000083000000, 0x0000000083000000| Untracked 
|  23|0x0000000083100000, 0x0000000083100000, 0x0000000083200000|  0%| F|  |TAMS 0x0000000083100000, 0x0000000083100000| Untracked 
|  24|0x0000000083200000, 0x0000000083200000, 0x0000000083300000|  0%| F|  |TAMS 0x0000000083200000, 0x0000000083200000| Untracked 
|  25|0x0000000083300000, 0x0000000083300000, 0x0000000083400000|  0%| F|  |TAMS 0x0000000083300000, 0x0000000083300000| Untracked 
|  26|0x0000000083400000, 0x0000000083400000, 0x0000000083500000|  0%| F|  |TAMS 0x0000000083400000, 0x0000000083400000| Untracked 
|  27|0x0000000083500000, 0x0000000083500000, 0x0000000083600000|  0%| F|  |TAMS 0x0000000083500000, 0x0000000083500000| Untracked 
|  28|0x0000000083600000, 0x0000000083600000, 0x0000000083700000|  0%| F|  |TAMS 0x0000000083600000, 0x0000000083600000| Untracked 
|  29|0x0000000083700000, 0x0000000083700000, 0x0000000083800000|  0%| F|  |TAMS 0x0000000083700000, 0x0000000083700000| Untracked 
|  30|0x0000000083800000, 0x0000000083800000, 0x0000000083900000|  0%| F|  |TAMS 0x0000000083800000, 0x0000000083800000| Untracked 
|  31|0x0000000083900000, 0x0000000083900000, 0x0000000083a00000|  0%| F|  |TAMS 0x0000000083900000, 0x0000000083900000| Untracked 
|  32|0x0000000083a00000, 0x0000000083a00000, 0x0000000083b00000|  0%| F|  |TAMS 0x0000000083a00000, 0x0000000083a00000| Untracked 
|  33|0x0000000083b00000, 0x0000000083b00000, 0x0000000083c00000|  0%| F|  |TAMS 0x0000000083b00000, 0x0000000083b00000| Untracked 
|  34|0x0000000083c00000, 0x0000000083c00000, 0x0000000083d00000|  0%| F|  |TAMS 0x0000000083c00000, 0x0000000083c00000| Untracked 
|  35|0x0000000083d00000, 0x0000000083d00000, 0x0000000083e00000|  0%| F|  |TAMS 0x0000000083d00000, 0x0000000083d00000| Untracked 
|  36|0x0000000083e00000, 0x0000000083e00000, 0x0000000083f00000|  0%| F|  |TAMS 0x0000000083e00000, 0x0000000083e00000| Untracked 
|  37|0x0000000083f00000, 0x0000000083f00000, 0x0000000084000000|  0%| F|  |TAMS 0x0000000083f00000, 0x0000000083f00000| Untracked 
|  38|0x0000000084000000, 0x0000000084000000, 0x0000000084100000|  0%| F|  |TAMS 0x0000000084000000, 0x0000000084000000| Untracked 
|  39|0x0000000084100000, 0x0000000084100000, 0x0000000084200000|  0%| F|  |TAMS 0x0000000084100000, 0x0000000084100000| Untracked 
|  40|0x0000000084200000, 0x0000000084200000, 0x0000000084300000|  0%| F|  |TAMS 0x0000000084200000, 0x0000000084200000| Untracked 
|  41|0x0000000084300000, 0x0000000084300000, 0x0000000084400000|  0%| F|  |TAMS 0x0000000084300000, 0x0000000084300000| Untracked 
|  42|0x0000000084400000, 0x0000000084400000, 0x0000000084500000|  0%| F|  |TAMS 0x0000000084400000, 0x0000000084400000| Untracked 
|  43|0x0000000084500000, 0x0000000084500000, 0x0000000084600000|  0%| F|  |TAMS 0x0000000084500000, 0x0000000084500000| Untracked 
|  44|0x0000000084600000, 0x0000000084600000, 0x0000000084700000|  0%| F|  |TAMS 0x0000000084600000, 0x0000000084600000| Untracked 
|  45|0x0000000084700000, 0x0000000084700000, 0x0000000084800000|  0%| F|  |TAMS 0x0000000084700000, 0x0000000084700000| Untracked 
|  46|0x0000000084800000, 0x0000000084800000, 0x0000000084900000|  0%| F|  |TAMS 0x0000000084800000, 0x0000000084800000| Untracked 
|  47|0x0000000084900000, 0x0000000084900000, 0x0000000084a00000|  0%| F|  |TAMS 0x0000000084900000, 0x0000000084900000| Untracked 
|  48|0x0000000084a00000, 0x0000000084a00000, 0x0000000084b00000|  0%| F|  |TAMS 0x0000000084a00000, 0x0000000084a00000| Untracked 
|  49|0x0000000084b00000, 0x0000000084b00000, 0x0000000084c00000|  0%| F|  |TAMS 0x0000000084b00000, 0x0000000084b00000| Untracked 
|  50|0x0000000084c00000, 0x0000000084c00000, 0x0000000084d00000|  0%| F|  |TAMS 0x0000000084c00000, 0x0000000084c00000| Untracked 
|  51|0x0000000084d00000, 0x0000000084d00000, 0x0000000084e00000|  0%| F|  |TAMS 0x0000000084d00000, 0x0000000084d00000| Untracked 
|  52|0x0000000084e00000, 0x0000000084e00000, 0x0000000084f00000|  0%| F|  |TAMS 0x0000000084e00000, 0x0000000084e00000| Untracked 
|  53|0x0000000084f00000, 0x0000000084f00000, 0x0000000085000000|  0%| F|  |TAMS 0x0000000084f00000, 0x0000000084f00000| Untracked 
|  54|0x0000000085000000, 0x0000000085000000, 0x0000000085100000|  0%| F|  |TAMS 0x0000000085000000, 0x0000000085000000| Untracked 
|  55|0x0000000085100000, 0x0000000085100000, 0x0000000085200000|  0%| F|  |TAMS 0x0000000085100000, 0x0000000085100000| Untracked 
|  56|0x0000000085200000, 0x0000000085200000, 0x0000000085300000|  0%| F|  |TAMS 0x0000000085200000, 0x0000000085200000| Untracked 
|  57|0x0000000085300000, 0x0000000085300000, 0x0000000085400000|  0%| F|  |TAMS 0x0000000085300000, 0x0000000085300000| Untracked 
|  58|0x0000000085400000, 0x0000000085400000, 0x0000000085500000|  0%| F|  |TAMS 0x0000000085400000, 0x0000000085400000| Untracked 
|  59|0x0000000085500000, 0x0000000085500000, 0x0000000085600000|  0%| F|  |TAMS 0x0000000085500000, 0x0000000085500000| Untracked 
|  60|0x0000000085600000, 0x0000000085600000, 0x0000000085700000|  0%| F|  |TAMS 0x0000000085600000, 0x0000000085600000| Untracked 
|  61|0x0000000085700000, 0x0000000085700000, 0x0000000085800000|  0%| F|  |TAMS 0x0000000085700000, 0x0000000085700000| Untracked 
|  62|0x0000000085800000, 0x0000000085800000, 0x0000000085900000|  0%| F|  |TAMS 0x0000000085800000, 0x0000000085800000| Untracked 
|  63|0x0000000085900000, 0x0000000085900000, 0x0000000085a00000|  0%| F|  |TAMS 0x0000000085900000, 0x0000000085900000| Untracked 
|  64|0x0000000085a00000, 0x0000000085a00000, 0x0000000085b00000|  0%| F|  |TAMS 0x0000000085a00000, 0x0000000085a00000| Untracked 
|  65|0x0000000085b00000, 0x0000000085b00000, 0x0000000085c00000|  0%| F|  |TAMS 0x0000000085b00000, 0x0000000085b00000| Untracked 
|  66|0x0000000085c00000, 0x0000000085c00000, 0x0000000085d00000|  0%| F|  |TAMS 0x0000000085c00000, 0x0000000085c00000| Untracked 
|  67|0x0000000085d00000, 0x0000000085d00000, 0x0000000085e00000|  0%| F|  |TAMS 0x0000000085d00000, 0x0000000085d00000| Untracked 
|  68|0x0000000085e00000, 0x0000000085e00000, 0x0000000085f00000|  0%| F|  |TAMS 0x0000000085e00000, 0x0000000085e00000| Untracked 
|  69|0x0000000085f00000, 0x0000000085f00000, 0x0000000086000000|  0%| F|  |TAMS 0x0000000085f00000, 0x0000000085f00000| Untracked 
|  70|0x0000000086000000, 0x0000000086000000, 0x0000000086100000|  0%| F|  |TAMS 0x0000000086000000, 0x0000000086000000| Untracked 
|  71|0x0000000086100000, 0x0000000086100000, 0x0000000086200000|  0%| F|  |TAMS 0x0000000086100000, 0x0000000086100000| Untracked 
|  72|0x0000000086200000, 0x0000000086200000, 0x0000000086300000|  0%| F|  |TAMS 0x0000000086200000, 0x0000000086200000| Untracked 
|  73|0x0000000086300000, 0x0000000086300000, 0x0000000086400000|  0%| F|  |TAMS 0x0000000086300000, 0x0000000086300000| Untracked 
|  74|0x0000000086400000, 0x0000000086400000, 0x0000000086500000|  0%| F|  |TAMS 0x0000000086400000, 0x0000000086400000| Untracked 
|  75|0x0000000086500000, 0x0000000086500000, 0x0000000086600000|  0%| F|  |TAMS 0x0000000086500000, 0x0000000086500000| Untracked 
|  76|0x0000000086600000, 0x0000000086600000, 0x0000000086700000|  0%| F|  |TAMS 0x0000000086600000, 0x0000000086600000| Untracked 
|  77|0x0000000086700000, 0x0000000086700000, 0x0000000086800000|  0%| F|  |TAMS 0x0000000086700000, 0x0000000086700000| Untracked 
|  78|0x0000000086800000, 0x0000000086800000, 0x0000000086900000|  0%| F|  |TAMS 0x0000000086800000, 0x0000000086800000| Untracked 
|  79|0x0000000086900000, 0x0000000086900000, 0x0000000086a00000|  0%| F|  |TAMS 0x0000000086900000, 0x0000000086900000| Untracked 
|  80|0x0000000086a00000, 0x0000000086a00000, 0x0000000086b00000|  0%| F|  |TAMS 0x0000000086a00000, 0x0000000086a00000| Untracked 
|  81|0x0000000086b00000, 0x0000000086b00000, 0x0000000086c00000|  0%| F|  |TAMS 0x0000000086b00000, 0x0000000086b00000| Untracked 
|  82|0x0000000086c00000, 0x0000000086c00000, 0x0000000086d00000|  0%| F|  |TAMS 0x0000000086c00000, 0x0000000086c00000| Untracked 
|  83|0x0000000086d00000, 0x0000000086d00000, 0x0000000086e00000|  0%| F|  |TAMS 0x0000000086d00000, 0x0000000086d00000| Untracked 
|  84|0x0000000086e00000, 0x0000000086e00000, 0x0000000086f00000|  0%| F|  |TAMS 0x0000000086e00000, 0x0000000086e00000| Untracked 
|  85|0x0000000086f00000, 0x0000000086f00000, 0x0000000087000000|  0%| F|  |TAMS 0x0000000086f00000, 0x0000000086f00000| Untracked 
|  86|0x0000000087000000, 0x0000000087000000, 0x0000000087100000|  0%| F|  |TAMS 0x0000000087000000, 0x0000000087000000| Untracked 
|  87|0x0000000087100000, 0x0000000087100000, 0x0000000087200000|  0%| F|  |TAMS 0x0000000087100000, 0x0000000087100000| Untracked 
|  88|0x0000000087200000, 0x0000000087200000, 0x0000000087300000|  0%| F|  |TAMS 0x0000000087200000, 0x0000000087200000| Untracked 
|  89|0x0000000087300000, 0x0000000087300000, 0x0000000087400000|  0%| F|  |TAMS 0x0000000087300000, 0x0000000087300000| Untracked 
|  90|0x0000000087400000, 0x0000000087400000, 0x0000000087500000|  0%| F|  |TAMS 0x0000000087400000, 0x0000000087400000| Untracked 
|  91|0x0000000087500000, 0x0000000087500000, 0x0000000087600000|  0%| F|  |TAMS 0x0000000087500000, 0x0000000087500000| Untracked 
|  92|0x0000000087600000, 0x0000000087600000, 0x0000000087700000|  0%| F|  |TAMS 0x0000000087600000, 0x0000000087600000| Untracked 
|  93|0x0000000087700000, 0x0000000087700000, 0x0000000087800000|  0%| F|  |TAMS 0x0000000087700000, 0x0000000087700000| Untracked 
|  94|0x0000000087800000, 0x0000000087800000, 0x0000000087900000|  0%| F|  |TAMS 0x0000000087800000, 0x0000000087800000| Untracked 
|  95|0x0000000087900000, 0x0000000087900000, 0x0000000087a00000|  0%| F|  |TAMS 0x0000000087900000, 0x0000000087900000| Untracked 
|  96|0x0000000087a00000, 0x0000000087a00000, 0x0000000087b00000|  0%| F|  |TAMS 0x0000000087a00000, 0x0000000087a00000| Untracked 
|  97|0x0000000087b00000, 0x0000000087b00000, 0x0000000087c00000|  0%| F|  |TAMS 0x0000000087b00000, 0x0000000087b00000| Untracked 
|  98|0x0000000087c00000, 0x0000000087c00000, 0x0000000087d00000|  0%| F|  |TAMS 0x0000000087c00000, 0x0000000087c00000| Untracked 
|  99|0x0000000087d00000, 0x0000000087d00000, 0x0000000087e00000|  0%| F|  |TAMS 0x0000000087d00000, 0x0000000087d00000| Untracked 
| 100|0x0000000087e00000, 0x0000000087e00000, 0x0000000087f00000|  0%| F|  |TAMS 0x0000000087e00000, 0x0000000087e00000| Untracked 
| 101|0x0000000087f00000, 0x0000000087f00000, 0x0000000088000000|  0%| F|  |TAMS 0x0000000087f00000, 0x0000000087f00000| Untracked 
| 102|0x0000000088000000, 0x0000000088000000, 0x0000000088100000|  0%| F|  |TAMS 0x0000000088000000, 0x0000000088000000| Untracked 
| 103|0x0000000088100000, 0x0000000088100000, 0x0000000088200000|  0%| F|  |TAMS 0x0000000088100000, 0x0000000088100000| Untracked 
| 104|0x0000000088200000, 0x0000000088200000, 0x0000000088300000|  0%| F|  |TAMS 0x0000000088200000, 0x0000000088200000| Untracked 
| 105|0x0000000088300000, 0x0000000088300000, 0x0000000088400000|  0%| F|  |TAMS 0x0000000088300000, 0x0000000088300000| Untracked 
| 106|0x0000000088400000, 0x0000000088400000, 0x0000000088500000|  0%| F|  |TAMS 0x0000000088400000, 0x0000000088400000| Untracked 
| 107|0x0000000088500000, 0x0000000088500000, 0x0000000088600000|  0%| F|  |TAMS 0x0000000088500000, 0x0000000088500000| Untracked 
| 108|0x0000000088600000, 0x0000000088600000, 0x0000000088700000|  0%| F|  |TAMS 0x0000000088600000, 0x0000000088600000| Untracked 
| 109|0x0000000088700000, 0x0000000088700000, 0x0000000088800000|  0%| F|  |TAMS 0x0000000088700000, 0x0000000088700000| Untracked 
| 110|0x0000000088800000, 0x0000000088800000, 0x0000000088900000|  0%| F|  |TAMS 0x0000000088800000, 0x0000000088800000| Untracked 
| 111|0x0000000088900000, 0x0000000088900000, 0x0000000088a00000|  0%| F|  |TAMS 0x0000000088900000, 0x0000000088900000| Untracked 
| 112|0x0000000088a00000, 0x0000000088a00000, 0x0000000088b00000|  0%| F|  |TAMS 0x0000000088a00000, 0x0000000088a00000| Untracked 
| 113|0x0000000088b00000, 0x0000000088b00000, 0x0000000088c00000|  0%| F|  |TAMS 0x0000000088b00000, 0x0000000088b00000| Untracked 
| 114|0x0000000088c00000, 0x0000000088c00000, 0x0000000088d00000|  0%| F|  |TAMS 0x0000000088c00000, 0x0000000088c00000| Untracked 
| 115|0x0000000088d00000, 0x0000000088d00000, 0x0000000088e00000|  0%| F|  |TAMS 0x0000000088d00000, 0x0000000088d00000| Untracked 
| 116|0x0000000088e00000, 0x0000000088e00000, 0x0000000088f00000|  0%| F|  |TAMS 0x0000000088e00000, 0x0000000088e00000| Untracked 
| 117|0x0000000088f00000, 0x0000000088f00000, 0x0000000089000000|  0%| F|  |TAMS 0x0000000088f00000, 0x0000000088f00000| Untracked 
| 118|0x0000000089000000, 0x0000000089000000, 0x0000000089100000|  0%| F|  |TAMS 0x0000000089000000, 0x0000000089000000| Untracked 
| 119|0x0000000089100000, 0x0000000089200000, 0x0000000089200000|100%| S|CS|TAMS 0x0000000089100000, 0x0000000089100000| Complete 
| 120|0x0000000089200000, 0x0000000089300000, 0x0000000089300000|100%| S|CS|TAMS 0x0000000089200000, 0x0000000089200000| Complete 
| 121|0x0000000089300000, 0x0000000089300000, 0x0000000089400000|  0%| F|  |TAMS 0x0000000089300000, 0x0000000089300000| Untracked 
| 122|0x0000000089400000, 0x0000000089400000, 0x0000000089500000|  0%| F|  |TAMS 0x0000000089400000, 0x0000000089400000| Untracked 
| 123|0x0000000089500000, 0x0000000089500000, 0x0000000089600000|  0%| F|  |TAMS 0x0000000089500000, 0x0000000089500000| Untracked 
| 124|0x0000000089600000, 0x0000000089600000, 0x0000000089700000|  0%| F|  |TAMS 0x0000000089600000, 0x0000000089600000| Untracked 
| 125|0x0000000089700000, 0x0000000089700000, 0x0000000089800000|  0%| F|  |TAMS 0x0000000089700000, 0x0000000089700000| Untracked 
| 126|0x0000000089800000, 0x0000000089800000, 0x0000000089900000|  0%| F|  |TAMS 0x0000000089800000, 0x0000000089800000| Untracked 
| 127|0x0000000089900000, 0x0000000089900000, 0x0000000089a00000|  0%| F|  |TAMS 0x0000000089900000, 0x0000000089900000| Untracked 

Card table byte_map: [0x000001709d680000,0x000001709da80000] _byte_map_base: 0x000001709d273000

Marking Bits (Prev, Next): (CMBitMap*) 0x0000017086095100, (CMBitMap*) 0x0000017086095140
 Prev Bits: [0x000001709de80000, 0x000001709fe18000)
 Next Bits: [0x000001709fe20000, 0x00000170a1db8000)

Polling page: 0x0000017085830000

Metaspace:

Usage:
  Non-class:     12.50 MB capacity,    12.36 MB ( 99%) used,   126.34 KB ( <1%) free+waste,    17.94 KB ( <1%) overhead. 
      Class:      1.67 MB capacity,     1.58 MB ( 94%) used,    88.59 KB (  5%) free+waste,     7.00 KB ( <1%) overhead. 
       Both:     14.17 MB capacity,    13.94 MB ( 98%) used,   214.93 KB (  1%) free+waste,    24.94 KB ( <1%) overhead. 

Virtual space:
  Non-class space:       22.00 MB reserved,      12.50 MB ( 57%) committed 
      Class space:        1.00 GB reserved,       1.75 MB ( <1%) committed 
             Both:        1.02 GB reserved,      14.25 MB (  1%) committed 

Chunk freelists:
   Non-Class:  0 bytes
       Class:  15.00 KB
        Both:  15.00 KB

MaxMetaspaceSize: 17179869184.00 GB
CompressedClassSpaceSize: 1.00 GB

CodeHeap 'non-profiled nmethods': size=120064Kb used=448Kb max_used=448Kb free=119615Kb
 bounds [0x0000017095d40000, 0x0000017095fb0000, 0x000001709d280000]
CodeHeap 'profiled nmethods': size=120000Kb used=2660Kb max_used=2660Kb free=117339Kb
 bounds [0x000001708e810000, 0x000001708eab0000, 0x0000017095d40000]
CodeHeap 'non-nmethods': size=5696Kb used=1344Kb max_used=1358Kb free=4351Kb
 bounds [0x000001708e280000, 0x000001708e4f0000, 0x000001708e810000]
 total_blobs=2090 nmethods=1441 adapters=562
 compilation: enabled
              stopped_count=0, restarted_count=0
 full_count=0

Compilation events (20 events):
Event: 2.735 Thread 0x00000170a3f5f150 1433       3       java.util.ArrayList$Itr::next (66 bytes)
Event: 2.735 Thread 0x00000170a3f52630 1434       4       java.util.ArrayList::get (15 bytes)
Event: 2.736 Thread 0x00000170a3f5f150 nmethod 1433 0x000001708eaa5890 code [0x000001708eaa5a80, 0x000001708eaa5ea8]
Event: 2.736 Thread 0x00000170a3f5f150 1432       3       javax.swing.GroupLayout$ComponentSpring::isVisible (15 bytes)
Event: 2.736 Thread 0x00000170a3f5f150 nmethod 1432 0x000001708eaa6090 code [0x000001708eaa6240, 0x000001708eaa63c8]
Event: 2.737 Thread 0x00000170a3f5f150 1435       3       javax.swing.GroupLayout$AutoPreferredGapSpring::calculateMinimumSize (5 bytes)
Event: 2.737 Thread 0x00000170a3f52630 nmethod 1434 0x0000017095dafc90 code [0x0000017095dafe20, 0x0000017095dafef8]
Event: 2.737 Thread 0x00000170a3f5f150 nmethod 1435 0x000001708eaa6490 code [0x000001708eaa6620, 0x000001708eaa6718]
Event: 2.737 Thread 0x00000170a3f5f150 1436       3       javax.swing.GroupLayout$ParallelGroup::setChildSize (117 bytes)
Event: 2.738 Thread 0x00000170a3f5f150 nmethod 1436 0x000001708eaa6790 code [0x000001708eaa69e0, 0x000001708eaa7788]
Event: 2.739 Thread 0x00000170a3f5f150 1437       1       javax.swing.table.TableColumn::getPreferredWidth (5 bytes)
Event: 2.739 Thread 0x00000170a3f5f150 nmethod 1437 0x0000017095db0010 code [0x0000017095db01a0, 0x0000017095db0258]
Event: 2.739 Thread 0x00000170a3f5f150 1438       3       java.util.concurrent.locks.AbstractQueuedSynchronizer::release (19 bytes)
Event: 2.739 Thread 0x00000170a3f5f150 nmethod 1438 0x000001708eaa7b10 code [0x000001708eaa7ce0, 0x000001708eaa8108]
Event: 2.740 Thread 0x00000170a3f5f150 1439       3       java.util.concurrent.locks.ReentrantLock::lock (8 bytes)
Event: 2.740 Thread 0x00000170a3f5f150 nmethod 1439 0x000001708eaa8310 code [0x000001708eaa84c0, 0x000001708eaa8758]
Event: 2.740 Thread 0x00000170a3f5f150 1440       3       java.util.concurrent.locks.ReentrantLock$Sync::lock (13 bytes)
Event: 2.740 Thread 0x00000170a3f5f150 nmethod 1440 0x000001708eaa8890 code [0x000001708eaa8a40, 0x000001708eaa8c78]
Event: 2.740 Thread 0x00000170a3f5f150 1441       3       java.util.concurrent.locks.ReentrantLock::unlock (10 bytes)
Event: 2.741 Thread 0x00000170a3f5f150 nmethod 1441 0x000001708eaa8d10 code [0x000001708eaa8ec0, 0x000001708eaa9178]

GC Heap History (6 events):
Event: 1.342 GC heap before
{Heap before GC invocations=0 (full 0):
 garbage-first heap   total 131072K, used 6144K [0x0000000081a00000, 0x0000000100000000)
  region size 1024K, 6 young (6144K), 0 survivors (0K)
 Metaspace       used 9467K, capacity 9698K, committed 9984K, reserved 1058816K
  class space    used 1137K, capacity 1196K, committed 1280K, reserved 1048576K
}
Event: 1.353 GC heap after
{Heap after GC invocations=1 (full 0):
 garbage-first heap   total 131072K, used 2297K [0x0000000081a00000, 0x0000000100000000)
  region size 1024K, 1 young (1024K), 1 survivors (1024K)
 Metaspace       used 9467K, capacity 9698K, committed 9984K, reserved 1058816K
  class space    used 1137K, capacity 1196K, committed 1280K, reserved 1048576K
}
Event: 1.881 GC heap before
{Heap before GC invocations=1 (full 0):
 garbage-first heap   total 131072K, used 7417K [0x0000000081a00000, 0x0000000100000000)
  region size 1024K, 6 young (6144K), 1 survivors (1024K)
 Metaspace       used 11688K, capacity 11950K, committed 12032K, reserved 1060864K
  class space    used 1343K, capacity 1456K, committed 1536K, reserved 1048576K
}
Event: 1.889 GC heap after
{Heap after GC invocations=2 (full 0):
 garbage-first heap   total 131072K, used 3119K [0x0000000081a00000, 0x0000000100000000)
  region size 1024K, 1 young (1024K), 1 survivors (1024K)
 Metaspace       used 11688K, capacity 11950K, committed 12032K, reserved 1060864K
  class space    used 1343K, capacity 1456K, committed 1536K, reserved 1048576K
}
Event: 2.762 GC heap before
{Heap before GC invocations=2 (full 0):
 garbage-first heap   total 131072K, used 10287K [0x0000000081a00000, 0x0000000100000000)
  region size 1024K, 7 young (7168K), 1 survivors (1024K)
 Metaspace       used 14273K, capacity 14513K, committed 14592K, reserved 1069056K
  class space    used 1617K, capacity 1713K, committed 1792K, reserved 1048576K
}
Event: 2.772 GC heap after
{Heap after GC invocations=3 (full 0):
 garbage-first heap   total 131072K, used 7884K [0x0000000081a00000, 0x0000000100000000)
  region size 1024K, 2 young (2048K), 2 survivors (2048K)
 Metaspace       used 14273K, capacity 14513K, committed 14592K, reserved 1069056K
  class space    used 1617K, capacity 1713K, committed 1792K, reserved 1048576K
}

Deoptimization events (20 events):
Event: 2.249 Thread 0x00000170a4ba35a0 DEOPT PACKING pc=0x000001708e98aa99 sp=0x00000056e4cfe3b0
Event: 2.249 Thread 0x00000170a4ba35a0 DEOPT UNPACKING pc=0x000001708e2cdf30 sp=0x00000056e4cfd8a8 mode 0
Event: 2.255 Thread 0x00000170a4ba35a0 DEOPT PACKING pc=0x000001708e98aa99 sp=0x00000056e4cfe3b0
Event: 2.255 Thread 0x00000170a4ba35a0 DEOPT UNPACKING pc=0x000001708e2cdf30 sp=0x00000056e4cfd8a8 mode 0
Event: 2.344 Thread 0x00000170a4ba35a0 Uncommon trap: trap_request=0xffffffc6 fr.pc=0x0000017095d94654 relative=0x0000000000000574
Event: 2.344 Thread 0x00000170a4ba35a0 Uncommon trap: reason=bimorphic_or_optimized_type_check action=maybe_recompile pc=0x0000017095d94654 method=java.util.concurrent.ConcurrentHashMap.get(Ljava/lang/Object;)Ljava/lang/Object; @ 149 c2
Event: 2.344 Thread 0x00000170a4ba35a0 DEOPT PACKING pc=0x0000017095d94654 sp=0x00000056e4cfd930
Event: 2.344 Thread 0x00000170a4ba35a0 DEOPT UNPACKING pc=0x000001708e2ce129 sp=0x00000056e4cfd8d0 mode 2
Event: 2.468 Thread 0x00000170a4ba35a0 Uncommon trap: trap_request=0xffffffde fr.pc=0x0000017095d5eb24 relative=0x0000000000000184
Event: 2.468 Thread 0x00000170a4ba35a0 Uncommon trap: reason=class_check action=maybe_recompile pc=0x0000017095d5eb24 method=java.lang.String.equals(Ljava/lang/Object;)Z @ 8 c2
Event: 2.468 Thread 0x00000170a4ba35a0 DEOPT PACKING pc=0x0000017095d5eb24 sp=0x00000056e4cfdab0
Event: 2.468 Thread 0x00000170a4ba35a0 DEOPT UNPACKING pc=0x000001708e2ce129 sp=0x00000056e4cfda58 mode 2
Event: 2.473 Thread 0x00000170a4ba35a0 Uncommon trap: trap_request=0xffffffde fr.pc=0x0000017095d5eb24 relative=0x0000000000000184
Event: 2.473 Thread 0x00000170a4ba35a0 Uncommon trap: reason=class_check action=maybe_recompile pc=0x0000017095d5eb24 method=java.lang.String.equals(Ljava/lang/Object;)Z @ 8 c2
Event: 2.473 Thread 0x00000170a4ba35a0 DEOPT PACKING pc=0x0000017095d5eb24 sp=0x00000056e4cfdc70
Event: 2.473 Thread 0x00000170a4ba35a0 DEOPT UNPACKING pc=0x000001708e2ce129 sp=0x00000056e4cfdc18 mode 2
Event: 2.650 Thread 0x00000170a4ba35a0 Uncommon trap: trap_request=0xffffff45 fr.pc=0x0000017095dac0c4 relative=0x0000000000000364
Event: 2.650 Thread 0x00000170a4ba35a0 Uncommon trap: reason=unstable_if action=reinterpret pc=0x0000017095dac0c4 method=java.awt.MultipleGradientPaintContext.indexIntoGradientsArrays(F)I @ 93 c2
Event: 2.650 Thread 0x00000170a4ba35a0 DEOPT PACKING pc=0x0000017095dac0c4 sp=0x00000056e4cfc190
Event: 2.650 Thread 0x00000170a4ba35a0 DEOPT UNPACKING pc=0x000001708e2ce129 sp=0x00000056e4cfc118 mode 2

Classes unloaded (0 events):
No events

Classes redefined (0 events):
No events

Internal exceptions (20 events):
Event: 0.823 Thread 0x0000017086057790 Exception <a 'java/lang/ClassNotFoundException'{0x00000000896bdbd8}: Button> (0x00000000896bdbd8) 
thrown [./open/src/hotspot/share/classfile/systemDictionary.cpp, line 295]
Event: 0.823 Thread 0x0000017086057790 Exception <a 'java/lang/ClassNotFoundException'{0x00000000896be0a0}: ToolBar> (0x00000000896be0a0) 
thrown [./open/src/hotspot/share/classfile/systemDictionary.cpp, line 295]
Event: 0.823 Thread 0x0000017086057790 Exception <a 'java/lang/ClassNotFoundException'{0x00000000896be410}: ToggleButton> (0x00000000896be410) 
thrown [./open/src/hotspot/share/classfile/systemDictionary.cpp, line 295]
Event: 0.823 Thread 0x0000017086057790 Exception <a 'java/lang/ClassNotFoundException'{0x00000000896be850}: javax/swing/JToolBarSeparator> (0x00000000896be850) 
thrown [./open/src/hotspot/share/classfile/systemDictionary.cpp, line 295]
Event: 0.823 Thread 0x0000017086057790 Exception <a 'java/lang/ClassNotFoundException'{0x00000000896beb58}: ToolBarSeparator> (0x00000000896beb58) 
thrown [./open/src/hotspot/share/classfile/systemDictionary.cpp, line 295]
Event: 0.824 Thread 0x0000017086057790 Exception <a 'java/lang/ClassNotFoundException'{0x00000000896bf070}: ToolTip> (0x00000000896bf070) 
thrown [./open/src/hotspot/share/classfile/systemDictionary.cpp, line 295]
Event: 0.826 Thread 0x0000017086057790 Exception <a 'java/lang/ClassNotFoundException'{0x00000000896bf9c0}: Tree> (0x00000000896bf9c0) 
thrown [./open/src/hotspot/share/classfile/systemDictionary.cpp, line 295]
Event: 0.826 Thread 0x0000017086057790 Exception <a 'java/lang/ClassNotFoundException'{0x00000000896bfeb8}: Tree> (0x00000000896bfeb8) 
thrown [./open/src/hotspot/share/classfile/systemDictionary.cpp, line 295]
Event: 0.826 Thread 0x0000017086057790 Exception <a 'java/lang/ClassNotFoundException'{0x00000000896c0228}: javax/swing/JTreeCell> (0x00000000896c0228) 
thrown [./open/src/hotspot/share/classfile/systemDictionary.cpp, line 295]
Event: 0.826 Thread 0x0000017086057790 Exception <a 'java/lang/ClassNotFoundException'{0x00000000896c0528}: TreeCell> (0x00000000896c0528) 
thrown [./open/src/hotspot/share/classfile/systemDictionary.cpp, line 295]
Event: 0.827 Thread 0x0000017086057790 Exception <a 'java/lang/ClassNotFoundException'{0x00000000896c0ce8}: RootPane> (0x00000000896c0ce8) 
thrown [./open/src/hotspot/share/classfile/systemDictionary.cpp, line 295]
Event: 0.831 Thread 0x0000017086057790 Exception <a 'java/lang/ClassNotFoundException'{0x00000000896c3b38}: com/sun/swing/internal/plaf/metal/resources/spi/metalProvider> (0x00000000896c3b38) 
thrown [./open/src/hotspot/share/classfile/systemDictionary.cpp, line 295]
Event: 0.834 Thread 0x0000017086057790 Exception <a 'java/lang/ClassNotFoundException'{0x00000000896c7b30}: com/sun/swing/internal/plaf/basic/resources/spi/basicProvider> (0x00000000896c7b30) 
thrown [./open/src/hotspot/share/classfile/systemDictionary.cpp, line 295]
Event: 0.891 Thread 0x00000170a4ba35a0 Exception <a 'java/lang/ClassNotFoundException'{0x000000008953d3a0}: com/sun/swing/internal/plaf/synth/resources/spi/synthProvider> (0x000000008953d3a0) 
thrown [./open/src/hotspot/share/classfile/systemDictionary.cpp, line 295]
Event: 1.153 Thread 0x00000170a4ba35a0 Exception <a 'java/lang/NoSuchMethodError'{0x0000000089434280}: 'void java.lang.invoke.DirectMethodHandle$Holder.invokeStaticInit(java.lang.Object)'> (0x0000000089434280) 
thrown [./open/src/hotspot/share/interpreter/linkResolver.cpp, line 782]
Event: 1.420 Thread 0x00000170a4ba35a0 Exception <a 'java/lang/NoSuchMethodError'{0x00000000899cb2f8}: 'java.lang.Object java.lang.invoke.DirectMethodHandle$Holder.invokeInterface(java.lang.Object, java.lang.Object)'> (0x00000000899cb2f8) 
thrown [./open/src/hotspot/share/interpreter/linkResolver.cpp, line 782]
Event: 1.524 Thread 0x00000170a4ba35a0 Exception <a 'java/lang/NoSuchMethodError'{0x000000008985f658}: 'void java.lang.invoke.DirectMethodHandle$Holder.invokeStatic(java.lang.Object, java.lang.Object, java.lang.Object)'> (0x000000008985f658) 
thrown [./open/src/hotspot/share/interpreter/linkResolver.cpp, line 782]
Event: 1.528 Thread 0x00000170a4ba35a0 Exception <a 'java/lang/NoSuchMethodError'{0x000000008986a4f0}: 'java.lang.Object java.lang.invoke.DirectMethodHandle$Holder.invokeVirtual(java.lang.Object, java.lang.Object, java.lang.Object)'> (0x000000008986a4f0) 
thrown [./open/src/hotspot/share/interpreter/linkResolver.cpp, line 782]
Event: 1.859 Thread 0x00000170a4ba35a0 Exception <a 'java/lang/NoSuchMethodError'{0x00000000895a8b10}: 'void java.lang.invoke.DirectMethodHandle$Holder.invokeStatic(java.lang.Object, java.lang.Object)'> (0x00000000895a8b10) 
thrown [./open/src/hotspot/share/interpreter/linkResolver.cpp, line 782]
Event: 1.971 Thread 0x00000170a4ba35a0 Exception <a 'java/lang/NoSuchMethodError'{0x0000000089804a00}: 'void java.lang.invoke.DirectMethodHandle$Holder.invokeStaticInit(java.lang.Object, java.lang.Object)'> (0x0000000089804a00) 
thrown [./open/src/hotspot/share/interpreter/linkResolver.cpp, line 782]

Events (20 events):
Event: 2.732 loading class java/awt/DefaultKeyboardFocusManager$TypeAheadMarker
Event: 2.732 loading class java/awt/DefaultKeyboardFocusManager$TypeAheadMarker done
Event: 2.732 loading class java/awt/KeyboardFocusManager$LightweightFocusRequest
Event: 2.732 loading class java/awt/KeyboardFocusManager$LightweightFocusRequest done
Event: 2.738 loading class javax/swing/RepaintManager$3
Event: 2.739 loading class javax/swing/RepaintManager$3 done
Event: 2.739 loading class java/awt/KeyboardFocusManager$3
Event: 2.739 loading class java/awt/KeyboardFocusManager$3 done
Event: 2.747 loading class sun/awt/im/CompositionAreaHandler
Event: 2.747 loading class sun/awt/im/CompositionAreaHandler done
Event: 2.748 loading class java/text/AttributedString
Event: 2.748 loading class java/text/AttributedString done
Event: 2.748 loading class java/text/AttributedString$AttributedStringIterator
Event: 2.748 loading class java/text/AttributedCharacterIterator
Event: 2.748 loading class java/text/CharacterIterator
Event: 2.748 loading class java/text/CharacterIterator done
Event: 2.748 loading class java/text/AttributedCharacterIterator done
Event: 2.749 loading class java/text/AttributedString$AttributedStringIterator done
Event: 2.761 loading class java/awt/TextComponent
Event: 2.761 Executing VM operation: CollectForMetadataAllocation


Dynamic libraries:
0x00007ff6fbe90000 - 0x00007ff6fbe9d000 	C:\Program Files\Java\jdk-15\bin\java.exe
0x00007ffeaf430000 - 0x00007ffeaf626000 	C:\Windows\SYSTEM32\ntdll.dll
0x00007ffeae720000 - 0x00007ffeae7dd000 	C:\Windows\System32\KERNEL32.DLL
0x00007ffeace00000 - 0x00007ffead0c9000 	C:\Windows\System32\KERNELBASE.dll
0x00007ffeaa500000 - 0x00007ffeaa590000 	C:\Windows\SYSTEM32\apphelp.dll
0x00007ffeacbd0000 - 0x00007ffeaccd0000 	C:\Windows\System32\ucrtbase.dll
0x00007ffea86b0000 - 0x00007ffea86c9000 	C:\Program Files\Java\jdk-15\bin\VCRUNTIME140.dll
0x00007ffe9d640000 - 0x00007ffe9d658000 	C:\Program Files\Java\jdk-15\bin\jli.dll
0x00007ffeae230000 - 0x00007ffeae3d0000 	C:\Windows\System32\USER32.dll
0x00007ffeacb70000 - 0x00007ffeacb92000 	C:\Windows\System32\win32u.dll
0x00007ffeae8f0000 - 0x00007ffeae91a000 	C:\Windows\System32\GDI32.dll
0x00007ffead0d0000 - 0x00007ffead1d9000 	C:\Windows\System32\gdi32full.dll
0x00007ffead1e0000 - 0x00007ffead27d000 	C:\Windows\System32\msvcp_win.dll
0x00007ffe9dd80000 - 0x00007ffe9e01b000 	C:\Windows\WinSxS\amd64_microsoft.windows.common-controls_6595b64144ccf1df_6.0.19041.488_none_ca04af081b815d21\COMCTL32.dll
0x00007ffeae190000 - 0x00007ffeae22e000 	C:\Windows\System32\msvcrt.dll
0x00007ffeaed90000 - 0x00007ffeaedc0000 	C:\Windows\System32\IMM32.DLL
0x00007ffea86a0000 - 0x00007ffea86ac000 	C:\Program Files\Java\jdk-15\bin\vcruntime140_1.dll
0x00007ffe8e3c0000 - 0x00007ffe8e451000 	C:\Program Files\Java\jdk-15\bin\msvcp140.dll
0x00007ffe69960000 - 0x00007ffe6a4bc000 	C:\Program Files\Java\jdk-15\bin\server\jvm.dll
0x00007ffead960000 - 0x00007ffeada0c000 	C:\Windows\System32\ADVAPI32.dll
0x00007ffeaf350000 - 0x00007ffeaf3ec000 	C:\Windows\System32\sechost.dll
0x00007ffeaf1b0000 - 0x00007ffeaf2db000 	C:\Windows\System32\RPCRT4.dll
0x00007ffeae160000 - 0x00007ffeae168000 	C:\Windows\System32\PSAPI.DLL
0x00007ffe9bd90000 - 0x00007ffe9bd99000 	C:\Windows\SYSTEM32\WSOCK32.dll
0x00007ffead490000 - 0x00007ffead4fb000 	C:\Windows\System32\WS2_32.dll
0x00007ffe96c70000 - 0x00007ffe96c97000 	C:\Windows\SYSTEM32\WINMM.dll
0x00007ffea3130000 - 0x00007ffea313a000 	C:\Windows\SYSTEM32\VERSION.dll
0x00007ffeaaac0000 - 0x00007ffeaaad2000 	C:\Windows\SYSTEM32\kernel.appcore.dll
0x00007ffea8680000 - 0x00007ffea868a000 	C:\Program Files\Java\jdk-15\bin\jimage.dll
0x00007ffea7620000 - 0x00007ffea7804000 	C:\Windows\SYSTEM32\DBGHELP.DLL
0x00007ffe97d30000 - 0x00007ffe97d5c000 	C:\Windows\SYSTEM32\dbgcore.DLL
0x00007ffeacd80000 - 0x00007ffeace00000 	C:\Windows\System32\bcryptPrimitives.dll
0x00007ffe94c80000 - 0x00007ffe94ca5000 	C:\Program Files\Java\jdk-15\bin\java.dll
0x00007ffeada10000 - 0x00007ffeae152000 	C:\Windows\System32\SHELL32.dll
0x00007ffeaacc0000 - 0x00007ffeab455000 	C:\Windows\SYSTEM32\windows.storage.dll
0x00007ffeaee50000 - 0x00007ffeaf1a6000 	C:\Windows\System32\combase.dll
0x00007ffeac510000 - 0x00007ffeac53c000 	C:\Windows\SYSTEM32\Wldp.dll
0x00007ffead660000 - 0x00007ffead70e000 	C:\Windows\System32\SHCORE.dll
0x00007ffeae3e0000 - 0x00007ffeae435000 	C:\Windows\System32\shlwapi.dll
0x00007ffeacaa0000 - 0x00007ffeacac6000 	C:\Windows\SYSTEM32\profapi.dll
0x00007ffe9e7c0000 - 0x00007ffe9e7d9000 	C:\Program Files\Java\jdk-15\bin\net.dll
0x00007ffe9f190000 - 0x00007ffe9f290000 	C:\Windows\SYSTEM32\WINHTTP.dll
0x00007ffeac290000 - 0x00007ffeac2fa000 	C:\Windows\system32\mswsock.dll
0x00007ffe9e1b0000 - 0x00007ffe9e1c2000 	C:\Program Files\Java\jdk-15\bin\nio.dll
0x00007ffe92c60000 - 0x00007ffe92c78000 	C:\Program Files\Java\jdk-15\bin\zip.dll
0x00007ffe7ee90000 - 0x00007ffe7f00f000 	C:\Program Files\Java\jdk-15\bin\awt.dll
0x00007ffead830000 - 0x00007ffead8fd000 	C:\Windows\System32\OLEAUT32.dll
0x00007ffeaa600000 - 0x00007ffeaa69e000 	C:\Windows\system32\uxtheme.dll
0x00007ffead710000 - 0x00007ffead826000 	C:\Windows\System32\MSCTF.dll
0x00007ffeae440000 - 0x00007ffeae56a000 	C:\Windows\System32\ole32.dll
0x00007ffeaa7d0000 - 0x00007ffeaa7ff000 	C:\Windows\system32\DWMAPI.DLL
0x00007ffe805b0000 - 0x00007ffe80635000 	C:\Program Files\Java\jdk-15\bin\freetype.dll
0x00007ffe7f7a0000 - 0x00007ffe7f849000 	C:\Program Files\Java\jdk-15\bin\fontmanager.dll
0x00007ffe7fbe0000 - 0x00007ffe7fd05000 	C:\Windows\system32\opengl32.dll
0x00007ffe8ec50000 - 0x00007ffe8ec7c000 	C:\Windows\SYSTEM32\GLU32.dll
0x00007ffeabfc0000 - 0x00007ffeac08b000 	C:\Windows\SYSTEM32\DNSAPI.dll
0x00007ffeabf80000 - 0x00007ffeabfbb000 	C:\Windows\SYSTEM32\IPHLPAPI.DLL
0x00007ffeaf2e0000 - 0x00007ffeaf2e8000 	C:\Windows\System32\NSI.dll
0x00007ffe9eef0000 - 0x00007ffe9eefa000 	C:\Windows\System32\rasadhlp.dll
0x00007ffe9f390000 - 0x00007ffe9f40f000 	C:\Windows\System32\fwpuclnt.dll
0x00007ffeacba0000 - 0x00007ffeacbc7000 	C:\Windows\System32\bcrypt.dll
0x00007ffea6890000 - 0x00007ffea689d000 	C:\Program Files\Java\jdk-15\bin\sunmscapi.dll
0x00007ffead330000 - 0x00007ffead48d000 	C:\Windows\System32\CRYPT32.dll
0x00007ffeac580000 - 0x00007ffeac5a7000 	C:\Windows\SYSTEM32\ncrypt.dll
0x00007ffeac540000 - 0x00007ffeac57b000 	C:\Windows\SYSTEM32\NTASN1.dll
0x00007ffea24e0000 - 0x00007ffea25dd000 	C:\Windows\SYSTEM32\textinputframework.dll
0x00007ffea9c90000 - 0x00007ffea9fee000 	C:\Windows\System32\CoreUIComponents.dll
0x00007ffeaa130000 - 0x00007ffeaa222000 	C:\Windows\System32\CoreMessaging.dll
0x00007ffeab8f0000 - 0x00007ffeab923000 	C:\Windows\SYSTEM32\ntmarta.dll
0x00007ffea87b0000 - 0x00007ffea8906000 	C:\Windows\SYSTEM32\wintypes.dll
0x00007ffe9bc60000 - 0x00007ffe9bcc6000 	C:\Windows\system32\Oleacc.dll

dbghelp: loaded successfully - version: 4.0.5 - missing functions: none
symbol engine: initialized successfully - sym options: 0x614 - pdb path: .;C:\Program Files\Java\jdk-15\bin;C:\Windows\SYSTEM32;C:\Windows\WinSxS\amd64_microsoft.windows.common-controls_6595b64144ccf1df_6.0.19041.488_none_ca04af081b815d21;C:\Program Files\Java\jdk-15\bin\server

VM Arguments:
jvm_args: -Dfile.encoding=UTF-8 
java_command: bukuperpus.Home
java_class_path (initial): D:\Downloads\Compressed\mysql-connector-java-8.0.22;D:\Downloads\Compressed\mysql-connector-java-8.0.22\mysql-connector-java-8.0.22.jar;C:\Users\mada\Documents\NetBeansProjects\bukuperpus\build\classes
Launcher Type: SUN_STANDARD

[Global flags]
     intx CICompilerCount                          = 2                                         {product} {ergonomic}
     uint ConcGCThreads                            = 1                                         {product} {ergonomic}
     uint G1ConcRefinementThreads                  = 2                                         {product} {ergonomic}
   size_t G1HeapRegionSize                         = 1048576                                   {product} {ergonomic}
    uintx GCDrainStackTargetSize                   = 64                                        {product} {ergonomic}
   size_t InitialHeapSize                          = 134217728                                 {product} {ergonomic}
   size_t MarkStackSize                            = 4194304                                   {product} {ergonomic}
   size_t MaxHeapSize                              = 2120220672                                {product} {ergonomic}
   size_t MaxNewSize                               = 1271922688                                {product} {ergonomic}
   size_t MinHeapDeltaBytes                        = 1048576                                   {product} {ergonomic}
   size_t MinHeapSize                              = 8388608                                   {product} {ergonomic}
    uintx NonNMethodCodeHeapSize                   = 5826188                                {pd product} {ergonomic}
    uintx NonProfiledCodeHeapSize                  = 122916026                              {pd product} {ergonomic}
    uintx ProfiledCodeHeapSize                     = 122916026                              {pd product} {ergonomic}
    uintx ReservedCodeCacheSize                    = 251658240                              {pd product} {ergonomic}
     bool SegmentedCodeCache                       = true                                      {product} {ergonomic}
   size_t SoftMaxHeapSize                          = 2120220672                             {manageable} {ergonomic}
     bool UseCompressedClassPointers               = true                                 {lp64_product} {ergonomic}
     bool UseCompressedOops                        = true                                 {lp64_product} {ergonomic}
     bool UseG1GC                                  = true                                      {product} {ergonomic}
     bool UseLargePagesIndividualAllocation        = false                                  {pd product} {ergonomic}

Logging:
Log output configuration:
 #0: stdout all=warning uptime,level,tags
 #1: stderr all=off uptime,level,tags

Environment Variables:
JAVA_HOME=C:\Program Files\Java\jdk-15
PATH=C:\Program Files (x86)\Intel\iCLS Client\;C:\Program Files\Intel\iCLS Client\;C:\Windows\system32;C:\Windows;C:\Windows\System32\Wbem;C:\Windows\System32\WindowsPowerShell\v1.0\;C:\Windows\System32\OpenSSH\;C:\Program Files (x86)\Intel\OpenCL SDK\2.0\bin\x86;C:\Program Files (x86)\Intel\OpenCL SDK\2.0\bin\x64;C:\Program Files\Intel\Intel(R) Management Engine Components\DAL;C:\Program Files\Intel\Intel(R) Management Engine Components\IPT;C:\Program Files (x86)\Intel\Intel(R) Management Engine Components\DAL;C:\Program Files (x86)\Intel\Intel(R) Management Engine Components\IPT;C:\Program Files\IBM\SPSS\Statistics\25\JRE\bin;C:\Program Files\dotnet\;C:\Program Files\Git\cmd;C:\Users\mada\AppData\Local\Microsoft\WindowsApps;C:\Users\mada\AppData\Local\Programs\Microsoft VS Code\bin;C:\Program Files\Java\jdk-15\bin;C:\Program Files\mingw-w64\x86_64-8.1.0-posix-seh-rt_v6-rev0\mingw64\bin
USERNAME=mada
OS=Windows_NT
PROCESSOR_IDENTIFIER=Intel64 Family 6 Model 42 Stepping 7, GenuineIntel



---------------  S Y S T E M  ---------------

OS:
 Windows 10 , 64 bit Build 19041 (10.0.19041.662)
OS uptime: 1 days 8:32 hours

CPU: total 2 (initial active 2) (2 cores per cpu, 1 threads per core) family 6 model 42 stepping 7, cmov, cx8, fxsr, mmx, sse, sse2, sse3, ssse3, sse4.1, sse4.2, popcnt, clmul, tsc, tscinvbit, clflush

Memory: 4k page, system-wide physical 8081M (1277M free)
TotalPageFile size 8081M (AvailPageFile size 4M)
current process WorkingSet (physical memory assigned to process): 81M, peak: 81M
current process commit charge ("private bytes"): 223M, peak: 224M

vm_info: OpenJDK 64-Bit Server VM (15+36-1562) for windows-amd64 JRE (15+36-1562), built on Aug 11 2020 22:33:04 by "mach5one" with unknown MS VC++:1925

END.
