#
# There is insufficient memory for the Java Runtime Environment to continue.
# Native memory allocation (malloc) failed to allocate 32744 bytes for ChunkPool::allocate
# Possible reasons:
#   The system is out of physical RAM or swap space
#   The process is running with CompressedOops enabled, and the Java Heap may be blocking the growth of the native heap
# Possible solutions:
#   Reduce memory load on the system
#   Increase physical memory or swap space
#   Check if swap backing store is full
#   Decrease Java heap size (-Xmx/-Xms)
#   Decrease number of Java threads
#   Decrease Java thread stack sizes (-Xss)
#   Set larger code cache with -XX:ReservedCodeCacheSize=
#   JVM is running with Unscaled Compressed Oops mode in which the Java heap is
#     placed in the first 4GB address space. The Java Heap base address is the
#     maximum limit for the native heap growth. Please use -XX:HeapBaseMinAddress
#     to set the Java Heap base and to place the Java Heap above 4GB virtual address.
# This output file may be truncated or incomplete.
#
#  Out of Memory Error (./open/src/hotspot/share/memory/arena.cpp:79), pid=13528, tid=8716
#
# JRE version: OpenJDK Runtime Environment (15.0+36) (build 15+36-1562)
# Java VM: OpenJDK 64-Bit Server VM (15+36-1562, mixed mode, sharing, tiered, compressed oops, g1 gc, windows-amd64)
# No core dump will be written. Minidumps are not enabled by default on client versions of Windows
#

---------------  S U M M A R Y ------------

Command Line: -Dfile.encoding=UTF-8 bukuperpus.Home

Host: Intel(R) Pentium(R) CPU 987 @ 1.50GHz, 2 cores, 7G,  Windows 10 , 64 bit Build 19041 (10.0.19041.662)
Time: Wed Jan 13 21:01:35 2021 SE Asia Standard Time elapsed time: 1.986807 seconds (0d 0h 0m 1s)

---------------  T H R E A D  ---------------

Current thread (0x0000019dccb19800):  JavaThread "C1 CompilerThread0" daemon [_thread_in_native, id=8716, stack(0x0000006a34400000,0x0000006a34500000)]


Current CompileTask:
C1:   1986 1016       3       java.net.URLStreamHandler::parseURL (1201 bytes)

Stack: [0x0000006a34400000,0x0000006a34500000]
Native frames: (J=compiled Java code, j=interpreted, Vv=VM code, C=native code)
V  [jvm.dll+0x629eaa]
V  [jvm.dll+0x780379]
V  [jvm.dll+0x781ad3]
V  [jvm.dll+0x782133]
V  [jvm.dll+0x2159d5]
V  [jvm.dll+0x97cdf]
V  [jvm.dll+0x9802c]
V  [jvm.dll+0x12ba9e]
V  [jvm.dll+0x12934c]
V  [jvm.dll+0x12bea7]
V  [jvm.dll+0x12bcde]
V  [jvm.dll+0x10f7ff]
V  [jvm.dll+0x10f31a]
V  [jvm.dll+0x10f504]
V  [jvm.dll+0x10e842]
V  [jvm.dll+0x1106dc]
V  [jvm.dll+0x1f88f5]
V  [jvm.dll+0x1f699c]
V  [jvm.dll+0x74384d]
V  [jvm.dll+0x73c64a]
V  [jvm.dll+0x628d16]
C  [ucrtbase.dll+0x214c2]
C  [KERNEL32.DLL+0x17034]
C  [ntdll.dll+0x4d0d1]


---------------  P R O C E S S  ---------------

Threads class SMR info:
_java_thread_list=0x0000019dcd67a370, length=16, elements={
0x0000019dcc188380, 0x0000019dcc188f50, 0x0000019dcc19d690, 0x0000019dcc1a1160,
0x0000019dcc1a1c10, 0x0000019dcc1a29f0, 0x0000019dccb19800, 0x0000019dccb1d5c0,
0x0000019dccbd7980, 0x0000019dccbdc070, 0x0000019dcce4c970, 0x0000019dcce221b0,
0x0000019dcce28e10, 0x0000019dcceca790, 0x0000019dae437940, 0x0000019dcd8f8090
}

Java Threads: ( => current thread )
  0x0000019dcc188380 JavaThread "Reference Handler" daemon [_thread_blocked, id=12588, stack(0x0000006a33e00000,0x0000006a33f00000)]
  0x0000019dcc188f50 JavaThread "Finalizer" daemon [_thread_blocked, id=11932, stack(0x0000006a33f00000,0x0000006a34000000)]
  0x0000019dcc19d690 JavaThread "Signal Dispatcher" daemon [_thread_blocked, id=11340, stack(0x0000006a34000000,0x0000006a34100000)]
  0x0000019dcc1a1160 JavaThread "Attach Listener" daemon [_thread_blocked, id=11608, stack(0x0000006a34100000,0x0000006a34200000)]
  0x0000019dcc1a1c10 JavaThread "Service Thread" daemon [_thread_blocked, id=7348, stack(0x0000006a34200000,0x0000006a34300000)]
  0x0000019dcc1a29f0 JavaThread "C2 CompilerThread0" daemon [_thread_in_native, id=8132, stack(0x0000006a34300000,0x0000006a34400000)]
=>0x0000019dccb19800 JavaThread "C1 CompilerThread0" daemon [_thread_in_native, id=8716, stack(0x0000006a34400000,0x0000006a34500000)]
  0x0000019dccb1d5c0 JavaThread "Sweeper thread" daemon [_thread_blocked, id=12732, stack(0x0000006a34500000,0x0000006a34600000)]
  0x0000019dccbd7980 JavaThread "Notification Thread" daemon [_thread_blocked, id=13844, stack(0x0000006a34600000,0x0000006a34700000)]
  0x0000019dccbdc070 JavaThread "Common-Cleaner" daemon [_thread_blocked, id=14304, stack(0x0000006a34800000,0x0000006a34900000)]
  0x0000019dcce4c970 JavaThread "Java2D Disposer" daemon [_thread_blocked, id=14008, stack(0x0000006a34900000,0x0000006a34a00000)]
  0x0000019dcce221b0 JavaThread "AWT-Shutdown" [_thread_blocked, id=10252, stack(0x0000006a34a00000,0x0000006a34b00000)]
  0x0000019dcce28e10 JavaThread "AWT-Windows" daemon [_thread_in_native, id=3040, stack(0x0000006a34b00000,0x0000006a34c00000)]
  0x0000019dcceca790 JavaThread "AWT-EventQueue-0" [_thread_in_vm, id=112, stack(0x0000006a34c00000,0x0000006a34d00000)]
  0x0000019dae437940 JavaThread "DestroyJavaVM" [_thread_blocked, id=12400, stack(0x0000006a33700000,0x0000006a33800000)]
  0x0000019dcd8f8090 JavaThread "mysql-cj-abandoned-connection-cleanup" daemon [_thread_blocked, id=1848, stack(0x0000006a34d00000,0x0000006a34e00000)]

Other Threads:
  0x0000019dcc186360 VMThread "VM Thread" [stack: 0x0000006a33d00000,0x0000006a33e00000] [id=13652]
  0x0000019dccbd7e50 WatcherThread [stack: 0x0000006a34700000,0x0000006a34800000] [id=12720]
  0x0000019dae473a30 GCTaskThread "GC Thread#0" [stack: 0x0000006a33800000,0x0000006a33900000] [id=7936]
  0x0000019dcce37270 GCTaskThread "GC Thread#1" [stack: 0x0000006a34e00000,0x0000006a34f00000] [id=11032]
  0x0000019dae4859d0 ConcurrentGCThread "G1 Main Marker" [stack: 0x0000006a33900000,0x0000006a33a00000] [id=7040]
  0x0000019dae487650 ConcurrentGCThread "G1 Conc#0" [stack: 0x0000006a33a00000,0x0000006a33b00000] [id=8684]
  0x0000019dae4f60c0 ConcurrentGCThread "G1 Refine#0" [stack: 0x0000006a33b00000,0x0000006a33c00000] [id=11840]
  0x0000019dccc6fa00 ConcurrentGCThread "G1 Refine#1" [stack: 0x0000006a34f00000,0x0000006a35000000] [id=11964]
  0x0000019dae4f6cc0 ConcurrentGCThread "G1 Young RemSet Sampling" [stack: 0x0000006a33c00000,0x0000006a33d00000] [id=9824]

Threads with active compile tasks:
C2 CompilerThread0     2029 1022 %     4       java.lang.StringLatin1::indexOf @ 30 (121 bytes)
C1 CompilerThread0     2029 1016       3       java.net.URLStreamHandler::parseURL (1201 bytes)

VM state: not at safepoint (normal execution)

VM Mutex/Monitor currently owned by a thread: None

Heap address: 0x0000000081a00000, size: 2022 MB, Compressed Oops mode: 32-bit
CDS archive(s) mapped at: [0x0000000800000000-0x0000000800b50000-0x0000000800b50000), size 11862016, SharedBaseAddress: 0x0000000800000000, ArchiveRelocationMode: 0.
Compressed class space mapped at: 0x0000000800b50000-0x0000000840b50000, size: 1073741824
Narrow klass base: 0x0000000800000000, Narrow klass shift: 3, Narrow klass range: 0x100000000

GC Precious Log:
 CPUs: 2 total, 2 available
 Memory: 8081M
 Large Page Support: Disabled
 NUMA Support: Disabled
 Compressed Oops: Enabled (32-bit)
 Heap Region Size: 1M
 Heap Min Capacity: 8M
 Heap Initial Capacity: 128M
 Heap Max Capacity: 2022M
 Pre-touch: Disabled
 Parallel Workers: 2
 Concurrent Workers: 1
 Concurrent Refinement Workers: 2
 Periodic GC: Disabled

Heap:
 garbage-first heap   total 131072K, used 4339K [0x0000000081a00000, 0x0000000100000000)
  region size 1024K, 5 young (5120K), 1 survivors (1024K)
 Metaspace       used 10996K, capacity 11263K, committed 11392K, reserved 1058816K
  class space    used 1277K, capacity 1359K, committed 1408K, reserved 1048576K

Heap Regions: E=young(eden), S=young(survivor), O=old, HS=humongous(starts), HC=humongous(continues), CS=collection set, F=free, OA=open archive, CA=closed archive, TAMS=top-at-mark-start (previous, next)
|   0|0x0000000081a00000, 0x0000000081b00000, 0x0000000081b00000|100%| O|  |TAMS 0x0000000081a00000, 0x0000000081a00000| Untracked 
|   1|0x0000000081b00000, 0x0000000081b3cc00, 0x0000000081c00000| 23%| O|  |TAMS 0x0000000081b00000, 0x0000000081b00000| Untracked 
|   2|0x0000000081c00000, 0x0000000081c00000, 0x0000000081d00000|  0%| F|  |TAMS 0x0000000081c00000, 0x0000000081c00000| Untracked 
|   3|0x0000000081d00000, 0x0000000081d00000, 0x0000000081e00000|  0%| F|  |TAMS 0x0000000081d00000, 0x0000000081d00000| Untracked 
|   4|0x0000000081e00000, 0x0000000081e00000, 0x0000000081f00000|  0%| F|  |TAMS 0x0000000081e00000, 0x0000000081e00000| Untracked 
|   5|0x0000000081f00000, 0x0000000081f00000, 0x0000000082000000|  0%| F|  |TAMS 0x0000000081f00000, 0x0000000081f00000| Untracked 
|   6|0x0000000082000000, 0x0000000082000000, 0x0000000082100000|  0%| F|  |TAMS 0x0000000082000000, 0x0000000082000000| Untracked 
|   7|0x0000000082100000, 0x0000000082100000, 0x0000000082200000|  0%| F|  |TAMS 0x0000000082100000, 0x0000000082100000| Untracked 
|   8|0x0000000082200000, 0x0000000082200000, 0x0000000082300000|  0%| F|  |TAMS 0x0000000082200000, 0x0000000082200000| Untracked 
|   9|0x0000000082300000, 0x0000000082300000, 0x0000000082400000|  0%| F|  |TAMS 0x0000000082300000, 0x0000000082300000| Untracked 
|  10|0x0000000082400000, 0x0000000082400000, 0x0000000082500000|  0%| F|  |TAMS 0x0000000082400000, 0x0000000082400000| Untracked 
|  11|0x0000000082500000, 0x0000000082500000, 0x0000000082600000|  0%| F|  |TAMS 0x0000000082500000, 0x0000000082500000| Untracked 
|  12|0x0000000082600000, 0x0000000082600000, 0x0000000082700000|  0%| F|  |TAMS 0x0000000082600000, 0x0000000082600000| Untracked 
|  13|0x0000000082700000, 0x0000000082700000, 0x0000000082800000|  0%| F|  |TAMS 0x0000000082700000, 0x0000000082700000| Untracked 
|  14|0x0000000082800000, 0x0000000082800000, 0x0000000082900000|  0%| F|  |TAMS 0x0000000082800000, 0x0000000082800000| Untracked 
|  15|0x0000000082900000, 0x0000000082900000, 0x0000000082a00000|  0%| F|  |TAMS 0x0000000082900000, 0x0000000082900000| Untracked 
|  16|0x0000000082a00000, 0x0000000082a00000, 0x0000000082b00000|  0%| F|  |TAMS 0x0000000082a00000, 0x0000000082a00000| Untracked 
|  17|0x0000000082b00000, 0x0000000082b00000, 0x0000000082c00000|  0%| F|  |TAMS 0x0000000082b00000, 0x0000000082b00000| Untracked 
|  18|0x0000000082c00000, 0x0000000082c00000, 0x0000000082d00000|  0%| F|  |TAMS 0x0000000082c00000, 0x0000000082c00000| Untracked 
|  19|0x0000000082d00000, 0x0000000082d00000, 0x0000000082e00000|  0%| F|  |TAMS 0x0000000082d00000, 0x0000000082d00000| Untracked 
|  20|0x0000000082e00000, 0x0000000082e00000, 0x0000000082f00000|  0%| F|  |TAMS 0x0000000082e00000, 0x0000000082e00000| Untracked 
|  21|0x0000000082f00000, 0x0000000082f00000, 0x0000000083000000|  0%| F|  |TAMS 0x0000000082f00000, 0x0000000082f00000| Untracked 
|  22|0x0000000083000000, 0x0000000083000000, 0x0000000083100000|  0%| F|  |TAMS 0x0000000083000000, 0x0000000083000000| Untracked 
|  23|0x0000000083100000, 0x0000000083100000, 0x0000000083200000|  0%| F|  |TAMS 0x0000000083100000, 0x0000000083100000| Untracked 
|  24|0x0000000083200000, 0x0000000083200000, 0x0000000083300000|  0%| F|  |TAMS 0x0000000083200000, 0x0000000083200000| Untracked 
|  25|0x0000000083300000, 0x0000000083300000, 0x0000000083400000|  0%| F|  |TAMS 0x0000000083300000, 0x0000000083300000| Untracked 
|  26|0x0000000083400000, 0x0000000083400000, 0x0000000083500000|  0%| F|  |TAMS 0x0000000083400000, 0x0000000083400000| Untracked 
|  27|0x0000000083500000, 0x0000000083500000, 0x0000000083600000|  0%| F|  |TAMS 0x0000000083500000, 0x0000000083500000| Untracked 
|  28|0x0000000083600000, 0x0000000083600000, 0x0000000083700000|  0%| F|  |TAMS 0x0000000083600000, 0x0000000083600000| Untracked 
|  29|0x0000000083700000, 0x0000000083700000, 0x0000000083800000|  0%| F|  |TAMS 0x0000000083700000, 0x0000000083700000| Untracked 
|  30|0x0000000083800000, 0x0000000083800000, 0x0000000083900000|  0%| F|  |TAMS 0x0000000083800000, 0x0000000083800000| Untracked 
|  31|0x0000000083900000, 0x0000000083900000, 0x0000000083a00000|  0%| F|  |TAMS 0x0000000083900000, 0x0000000083900000| Untracked 
|  32|0x0000000083a00000, 0x0000000083a00000, 0x0000000083b00000|  0%| F|  |TAMS 0x0000000083a00000, 0x0000000083a00000| Untracked 
|  33|0x0000000083b00000, 0x0000000083b00000, 0x0000000083c00000|  0%| F|  |TAMS 0x0000000083b00000, 0x0000000083b00000| Untracked 
|  34|0x0000000083c00000, 0x0000000083c00000, 0x0000000083d00000|  0%| F|  |TAMS 0x0000000083c00000, 0x0000000083c00000| Untracked 
|  35|0x0000000083d00000, 0x0000000083d00000, 0x0000000083e00000|  0%| F|  |TAMS 0x0000000083d00000, 0x0000000083d00000| Untracked 
|  36|0x0000000083e00000, 0x0000000083e00000, 0x0000000083f00000|  0%| F|  |TAMS 0x0000000083e00000, 0x0000000083e00000| Untracked 
|  37|0x0000000083f00000, 0x0000000083f00000, 0x0000000084000000|  0%| F|  |TAMS 0x0000000083f00000, 0x0000000083f00000| Untracked 
|  38|0x0000000084000000, 0x0000000084000000, 0x0000000084100000|  0%| F|  |TAMS 0x0000000084000000, 0x0000000084000000| Untracked 
|  39|0x0000000084100000, 0x0000000084100000, 0x0000000084200000|  0%| F|  |TAMS 0x0000000084100000, 0x0000000084100000| Untracked 
|  40|0x0000000084200000, 0x0000000084200000, 0x0000000084300000|  0%| F|  |TAMS 0x0000000084200000, 0x0000000084200000| Untracked 
|  41|0x0000000084300000, 0x0000000084300000, 0x0000000084400000|  0%| F|  |TAMS 0x0000000084300000, 0x0000000084300000| Untracked 
|  42|0x0000000084400000, 0x0000000084400000, 0x0000000084500000|  0%| F|  |TAMS 0x0000000084400000, 0x0000000084400000| Untracked 
|  43|0x0000000084500000, 0x0000000084500000, 0x0000000084600000|  0%| F|  |TAMS 0x0000000084500000, 0x0000000084500000| Untracked 
|  44|0x0000000084600000, 0x0000000084600000, 0x0000000084700000|  0%| F|  |TAMS 0x0000000084600000, 0x0000000084600000| Untracked 
|  45|0x0000000084700000, 0x0000000084700000, 0x0000000084800000|  0%| F|  |TAMS 0x0000000084700000, 0x0000000084700000| Untracked 
|  46|0x0000000084800000, 0x0000000084800000, 0x0000000084900000|  0%| F|  |TAMS 0x0000000084800000, 0x0000000084800000| Untracked 
|  47|0x0000000084900000, 0x0000000084900000, 0x0000000084a00000|  0%| F|  |TAMS 0x0000000084900000, 0x0000000084900000| Untracked 
|  48|0x0000000084a00000, 0x0000000084a00000, 0x0000000084b00000|  0%| F|  |TAMS 0x0000000084a00000, 0x0000000084a00000| Untracked 
|  49|0x0000000084b00000, 0x0000000084b00000, 0x0000000084c00000|  0%| F|  |TAMS 0x0000000084b00000, 0x0000000084b00000| Untracked 
|  50|0x0000000084c00000, 0x0000000084c00000, 0x0000000084d00000|  0%| F|  |TAMS 0x0000000084c00000, 0x0000000084c00000| Untracked 
|  51|0x0000000084d00000, 0x0000000084d00000, 0x0000000084e00000|  0%| F|  |TAMS 0x0000000084d00000, 0x0000000084d00000| Untracked 
|  52|0x0000000084e00000, 0x0000000084e00000, 0x0000000084f00000|  0%| F|  |TAMS 0x0000000084e00000, 0x0000000084e00000| Untracked 
|  53|0x0000000084f00000, 0x0000000084f00000, 0x0000000085000000|  0%| F|  |TAMS 0x0000000084f00000, 0x0000000084f00000| Untracked 
|  54|0x0000000085000000, 0x0000000085000000, 0x0000000085100000|  0%| F|  |TAMS 0x0000000085000000, 0x0000000085000000| Untracked 
|  55|0x0000000085100000, 0x0000000085100000, 0x0000000085200000|  0%| F|  |TAMS 0x0000000085100000, 0x0000000085100000| Untracked 
|  56|0x0000000085200000, 0x0000000085200000, 0x0000000085300000|  0%| F|  |TAMS 0x0000000085200000, 0x0000000085200000| Untracked 
|  57|0x0000000085300000, 0x0000000085300000, 0x0000000085400000|  0%| F|  |TAMS 0x0000000085300000, 0x0000000085300000| Untracked 
|  58|0x0000000085400000, 0x0000000085400000, 0x0000000085500000|  0%| F|  |TAMS 0x0000000085400000, 0x0000000085400000| Untracked 
|  59|0x0000000085500000, 0x0000000085500000, 0x0000000085600000|  0%| F|  |TAMS 0x0000000085500000, 0x0000000085500000| Untracked 
|  60|0x0000000085600000, 0x0000000085600000, 0x0000000085700000|  0%| F|  |TAMS 0x0000000085600000, 0x0000000085600000| Untracked 
|  61|0x0000000085700000, 0x0000000085700000, 0x0000000085800000|  0%| F|  |TAMS 0x0000000085700000, 0x0000000085700000| Untracked 
|  62|0x0000000085800000, 0x0000000085800000, 0x0000000085900000|  0%| F|  |TAMS 0x0000000085800000, 0x0000000085800000| Untracked 
|  63|0x0000000085900000, 0x0000000085900000, 0x0000000085a00000|  0%| F|  |TAMS 0x0000000085900000, 0x0000000085900000| Untracked 
|  64|0x0000000085a00000, 0x0000000085a00000, 0x0000000085b00000|  0%| F|  |TAMS 0x0000000085a00000, 0x0000000085a00000| Untracked 
|  65|0x0000000085b00000, 0x0000000085b00000, 0x0000000085c00000|  0%| F|  |TAMS 0x0000000085b00000, 0x0000000085b00000| Untracked 
|  66|0x0000000085c00000, 0x0000000085c00000, 0x0000000085d00000|  0%| F|  |TAMS 0x0000000085c00000, 0x0000000085c00000| Untracked 
|  67|0x0000000085d00000, 0x0000000085d00000, 0x0000000085e00000|  0%| F|  |TAMS 0x0000000085d00000, 0x0000000085d00000| Untracked 
|  68|0x0000000085e00000, 0x0000000085e00000, 0x0000000085f00000|  0%| F|  |TAMS 0x0000000085e00000, 0x0000000085e00000| Untracked 
|  69|0x0000000085f00000, 0x0000000085f00000, 0x0000000086000000|  0%| F|  |TAMS 0x0000000085f00000, 0x0000000085f00000| Untracked 
|  70|0x0000000086000000, 0x0000000086000000, 0x0000000086100000|  0%| F|  |TAMS 0x0000000086000000, 0x0000000086000000| Untracked 
|  71|0x0000000086100000, 0x0000000086100000, 0x0000000086200000|  0%| F|  |TAMS 0x0000000086100000, 0x0000000086100000| Untracked 
|  72|0x0000000086200000, 0x0000000086200000, 0x0000000086300000|  0%| F|  |TAMS 0x0000000086200000, 0x0000000086200000| Untracked 
|  73|0x0000000086300000, 0x0000000086300000, 0x0000000086400000|  0%| F|  |TAMS 0x0000000086300000, 0x0000000086300000| Untracked 
|  74|0x0000000086400000, 0x0000000086400000, 0x0000000086500000|  0%| F|  |TAMS 0x0000000086400000, 0x0000000086400000| Untracked 
|  75|0x0000000086500000, 0x0000000086500000, 0x0000000086600000|  0%| F|  |TAMS 0x0000000086500000, 0x0000000086500000| Untracked 
|  76|0x0000000086600000, 0x0000000086600000, 0x0000000086700000|  0%| F|  |TAMS 0x0000000086600000, 0x0000000086600000| Untracked 
|  77|0x0000000086700000, 0x0000000086700000, 0x0000000086800000|  0%| F|  |TAMS 0x0000000086700000, 0x0000000086700000| Untracked 
|  78|0x0000000086800000, 0x0000000086800000, 0x0000000086900000|  0%| F|  |TAMS 0x0000000086800000, 0x0000000086800000| Untracked 
|  79|0x0000000086900000, 0x0000000086900000, 0x0000000086a00000|  0%| F|  |TAMS 0x0000000086900000, 0x0000000086900000| Untracked 
|  80|0x0000000086a00000, 0x0000000086a00000, 0x0000000086b00000|  0%| F|  |TAMS 0x0000000086a00000, 0x0000000086a00000| Untracked 
|  81|0x0000000086b00000, 0x0000000086b00000, 0x0000000086c00000|  0%| F|  |TAMS 0x0000000086b00000, 0x0000000086b00000| Untracked 
|  82|0x0000000086c00000, 0x0000000086c00000, 0x0000000086d00000|  0%| F|  |TAMS 0x0000000086c00000, 0x0000000086c00000| Untracked 
|  83|0x0000000086d00000, 0x0000000086d00000, 0x0000000086e00000|  0%| F|  |TAMS 0x0000000086d00000, 0x0000000086d00000| Untracked 
|  84|0x0000000086e00000, 0x0000000086e00000, 0x0000000086f00000|  0%| F|  |TAMS 0x0000000086e00000, 0x0000000086e00000| Untracked 
|  85|0x0000000086f00000, 0x0000000086f00000, 0x0000000087000000|  0%| F|  |TAMS 0x0000000086f00000, 0x0000000086f00000| Untracked 
|  86|0x0000000087000000, 0x0000000087000000, 0x0000000087100000|  0%| F|  |TAMS 0x0000000087000000, 0x0000000087000000| Untracked 
|  87|0x0000000087100000, 0x0000000087100000, 0x0000000087200000|  0%| F|  |TAMS 0x0000000087100000, 0x0000000087100000| Untracked 
|  88|0x0000000087200000, 0x0000000087200000, 0x0000000087300000|  0%| F|  |TAMS 0x0000000087200000, 0x0000000087200000| Untracked 
|  89|0x0000000087300000, 0x0000000087300000, 0x0000000087400000|  0%| F|  |TAMS 0x0000000087300000, 0x0000000087300000| Untracked 
|  90|0x0000000087400000, 0x0000000087400000, 0x0000000087500000|  0%| F|  |TAMS 0x0000000087400000, 0x0000000087400000| Untracked 
|  91|0x0000000087500000, 0x0000000087500000, 0x0000000087600000|  0%| F|  |TAMS 0x0000000087500000, 0x0000000087500000| Untracked 
|  92|0x0000000087600000, 0x0000000087600000, 0x0000000087700000|  0%| F|  |TAMS 0x0000000087600000, 0x0000000087600000| Untracked 
|  93|0x0000000087700000, 0x0000000087700000, 0x0000000087800000|  0%| F|  |TAMS 0x0000000087700000, 0x0000000087700000| Untracked 
|  94|0x0000000087800000, 0x0000000087800000, 0x0000000087900000|  0%| F|  |TAMS 0x0000000087800000, 0x0000000087800000| Untracked 
|  95|0x0000000087900000, 0x0000000087900000, 0x0000000087a00000|  0%| F|  |TAMS 0x0000000087900000, 0x0000000087900000| Untracked 
|  96|0x0000000087a00000, 0x0000000087a00000, 0x0000000087b00000|  0%| F|  |TAMS 0x0000000087a00000, 0x0000000087a00000| Untracked 
|  97|0x0000000087b00000, 0x0000000087b00000, 0x0000000087c00000|  0%| F|  |TAMS 0x0000000087b00000, 0x0000000087b00000| Untracked 
|  98|0x0000000087c00000, 0x0000000087c00000, 0x0000000087d00000|  0%| F|  |TAMS 0x0000000087c00000, 0x0000000087c00000| Untracked 
|  99|0x0000000087d00000, 0x0000000087d00000, 0x0000000087e00000|  0%| F|  |TAMS 0x0000000087d00000, 0x0000000087d00000| Untracked 
| 100|0x0000000087e00000, 0x0000000087e00000, 0x0000000087f00000|  0%| F|  |TAMS 0x0000000087e00000, 0x0000000087e00000| Untracked 
| 101|0x0000000087f00000, 0x0000000087f00000, 0x0000000088000000|  0%| F|  |TAMS 0x0000000087f00000, 0x0000000087f00000| Untracked 
| 102|0x0000000088000000, 0x0000000088000000, 0x0000000088100000|  0%| F|  |TAMS 0x0000000088000000, 0x0000000088000000| Untracked 
| 103|0x0000000088100000, 0x0000000088100000, 0x0000000088200000|  0%| F|  |TAMS 0x0000000088100000, 0x0000000088100000| Untracked 
| 104|0x0000000088200000, 0x0000000088200000, 0x0000000088300000|  0%| F|  |TAMS 0x0000000088200000, 0x0000000088200000| Untracked 
| 105|0x0000000088300000, 0x0000000088300000, 0x0000000088400000|  0%| F|  |TAMS 0x0000000088300000, 0x0000000088300000| Untracked 
| 106|0x0000000088400000, 0x0000000088400000, 0x0000000088500000|  0%| F|  |TAMS 0x0000000088400000, 0x0000000088400000| Untracked 
| 107|0x0000000088500000, 0x0000000088500000, 0x0000000088600000|  0%| F|  |TAMS 0x0000000088500000, 0x0000000088500000| Untracked 
| 108|0x0000000088600000, 0x0000000088600000, 0x0000000088700000|  0%| F|  |TAMS 0x0000000088600000, 0x0000000088600000| Untracked 
| 109|0x0000000088700000, 0x0000000088700000, 0x0000000088800000|  0%| F|  |TAMS 0x0000000088700000, 0x0000000088700000| Untracked 
| 110|0x0000000088800000, 0x0000000088800000, 0x0000000088900000|  0%| F|  |TAMS 0x0000000088800000, 0x0000000088800000| Untracked 
| 111|0x0000000088900000, 0x0000000088900000, 0x0000000088a00000|  0%| F|  |TAMS 0x0000000088900000, 0x0000000088900000| Untracked 
| 112|0x0000000088a00000, 0x0000000088a00000, 0x0000000088b00000|  0%| F|  |TAMS 0x0000000088a00000, 0x0000000088a00000| Untracked 
| 113|0x0000000088b00000, 0x0000000088b00000, 0x0000000088c00000|  0%| F|  |TAMS 0x0000000088b00000, 0x0000000088b00000| Untracked 
| 114|0x0000000088c00000, 0x0000000088c00000, 0x0000000088d00000|  0%| F|  |TAMS 0x0000000088c00000, 0x0000000088c00000| Untracked 
| 115|0x0000000088d00000, 0x0000000088d00000, 0x0000000088e00000|  0%| F|  |TAMS 0x0000000088d00000, 0x0000000088d00000| Untracked 
| 116|0x0000000088e00000, 0x0000000088e00000, 0x0000000088f00000|  0%| F|  |TAMS 0x0000000088e00000, 0x0000000088e00000| Untracked 
| 117|0x0000000088f00000, 0x0000000088f00000, 0x0000000089000000|  0%| F|  |TAMS 0x0000000088f00000, 0x0000000088f00000| Untracked 
| 118|0x0000000089000000, 0x0000000089000000, 0x0000000089100000|  0%| F|  |TAMS 0x0000000089000000, 0x0000000089000000| Untracked 
| 119|0x0000000089100000, 0x0000000089100000, 0x0000000089200000|  0%| F|  |TAMS 0x0000000089100000, 0x0000000089100000| Untracked 
| 120|0x0000000089200000, 0x0000000089200000, 0x0000000089300000|  0%| F|  |TAMS 0x0000000089200000, 0x0000000089200000| Untracked 
| 121|0x0000000089300000, 0x0000000089400000, 0x0000000089400000|100%| S|CS|TAMS 0x0000000089300000, 0x0000000089300000| Complete 
| 122|0x0000000089400000, 0x0000000089400000, 0x0000000089500000|  0%| F|  |TAMS 0x0000000089400000, 0x0000000089400000| Untracked 
| 123|0x0000000089500000, 0x0000000089500000, 0x0000000089600000|  0%| F|  |TAMS 0x0000000089500000, 0x0000000089500000| Untracked 
| 124|0x0000000089600000, 0x00000000896db810, 0x0000000089700000| 85%| E|  |TAMS 0x0000000089600000, 0x0000000089600000| Complete 
| 125|0x0000000089700000, 0x0000000089800000, 0x0000000089800000|100%| E|CS|TAMS 0x0000000089700000, 0x0000000089700000| Complete 
| 126|0x0000000089800000, 0x0000000089900000, 0x0000000089900000|100%| E|  |TAMS 0x0000000089800000, 0x0000000089800000| Complete 
| 127|0x0000000089900000, 0x0000000089a00000, 0x0000000089a00000|100%| E|CS|TAMS 0x0000000089900000, 0x0000000089900000| Complete 

Card table byte_map: [0x0000019dc5660000,0x0000019dc5a60000] _byte_map_base: 0x0000019dc5253000

Marking Bits (Prev, Next): (CMBitMap*) 0x0000019dae4752b0, (CMBitMap*) 0x0000019dae4752f0
 Prev Bits: [0x0000019dc5e60000, 0x0000019dc7df8000)
 Next Bits: [0x0000019dc7e00000, 0x0000019dc9d98000)

Polling page: 0x0000019dac250000

Metaspace:

Usage:
  Non-class:      9.67 MB capacity,     9.49 MB ( 98%) used,   169.66 KB (  2%) free+waste,    14.69 KB ( <1%) overhead. 
      Class:      1.33 MB capacity,     1.25 MB ( 94%) used,    75.52 KB (  6%) free+waste,     6.19 KB ( <1%) overhead. 
       Both:     11.00 MB capacity,    10.74 MB ( 98%) used,   245.18 KB (  2%) free+waste,    20.88 KB ( <1%) overhead. 

Virtual space:
  Non-class space:       10.00 MB reserved,       9.75 MB ( 98%) committed 
      Class space:        1.00 GB reserved,       1.38 MB ( <1%) committed 
             Both:        1.01 GB reserved,      11.12 MB (  1%) committed 

Chunk freelists:
   Non-Class:  16.00 KB
       Class:  17.00 KB
        Both:  33.00 KB

MaxMetaspaceSize: 17179869184.00 GB
CompressedClassSpaceSize: 1.00 GB

CodeHeap 'non-profiled nmethods': size=120064Kb used=310Kb max_used=310Kb free=119753Kb
 bounds [0x0000019dbe120000, 0x0000019dbe390000, 0x0000019dc5660000]
CodeHeap 'profiled nmethods': size=120000Kb used=1731Kb max_used=1731Kb free=118268Kb
 bounds [0x0000019db6bf0000, 0x0000019db6e60000, 0x0000019dbe120000]
CodeHeap 'non-nmethods': size=5696Kb used=1283Kb max_used=1298Kb free=4412Kb
 bounds [0x0000019db6660000, 0x0000019db68d0000, 0x0000019db6bf0000]
 total_blobs=1597 nmethods=1019 adapters=492
 compilation: enabled
              stopped_count=0, restarted_count=0
 full_count=0

Compilation events (20 events):
Event: 1.932 Thread 0x0000019dccb19800 nmethod 1005 0x0000019dbe16ac10 code [0x0000019dbe16ada0, 0x0000019dbe16ae58]
Event: 1.933 Thread 0x0000019dccb19800 1006       3       java.lang.String::toLowerCase (8 bytes)
Event: 1.934 Thread 0x0000019dccb19800 nmethod 1006 0x0000019db6d97610 code [0x0000019db6d977e0, 0x0000019db6d97b58]
Event: 1.934 Thread 0x0000019dccb19800 1007       1       java.net.URLStreamHandler::getDefaultPort (2 bytes)
Event: 1.934 Thread 0x0000019dccb19800 nmethod 1007 0x0000019dbe16af10 code [0x0000019dbe16b0a0, 0x0000019dbe16b158]
Event: 1.935 Thread 0x0000019dccb19800 1008       3       java.io.WinNTFileSystem::isLetter (30 bytes)
Event: 1.935 Thread 0x0000019dccb19800 nmethod 1008 0x0000019db6d97c90 code [0x0000019db6d97e20, 0x0000019db6d98038]
Event: 1.935 Thread 0x0000019dccb19800 1009   !   3       java.net.URL::<init> (543 bytes)
Event: 1.943 Thread 0x0000019dccb19800 nmethod 1009 0x0000019db6d98110 code [0x0000019db6d987a0, 0x0000019db6d9bfe8]
Event: 1.944 Thread 0x0000019dccb19800 1011       3       jdk.internal.loader.BuiltinClassLoader::findLoadedModule (33 bytes)
Event: 1.945 Thread 0x0000019dccb19800 nmethod 1011 0x0000019db6d9e010 code [0x0000019db6d9e220, 0x0000019db6d9e838]
Event: 1.945 Thread 0x0000019dccb19800 1012       3       java.util.zip.ZipUtils::CENSIZ (9 bytes)
Event: 1.945 Thread 0x0000019dccb19800 nmethod 1012 0x0000019db6d9ea90 code [0x0000019db6d9ec40, 0x0000019db6d9ef18]
Event: 1.946 Thread 0x0000019dccb19800 1013   !   3       java.util.zip.InflaterInputStream::read (138 bytes)
Event: 1.948 Thread 0x0000019dccb19800 nmethod 1013 0x0000019db6d9f090 code [0x0000019db6d9f340, 0x0000019db6d9ffd8]
Event: 1.948 Thread 0x0000019dccb19800 1014       3       java.util.zip.InflaterInputStream::ensureOpen (18 bytes)
Event: 1.948 Thread 0x0000019dccb19800 nmethod 1014 0x0000019db6da0590 code [0x0000019db6da0740, 0x0000019db6da0948]
Event: 1.949 Thread 0x0000019dccb19800 1015       3       sun.net.www.protocol.file.Handler::parseURL (18 bytes)
Event: 1.950 Thread 0x0000019dccb19800 nmethod 1015 0x0000019db6da0a10 code [0x0000019db6da0bc0, 0x0000019db6da0d58]
Event: 1.950 Thread 0x0000019dccb19800 1016       3       java.net.URLStreamHandler::parseURL (1201 bytes)

GC Heap History (2 events):
Event: 1.578 GC heap before
{Heap before GC invocations=0 (full 0):
 garbage-first heap   total 131072K, used 6144K [0x0000000081a00000, 0x0000000100000000)
  region size 1024K, 6 young (6144K), 0 survivors (0K)
 Metaspace       used 9503K, capacity 9686K, committed 9984K, reserved 1058816K
  class space    used 1143K, capacity 1196K, committed 1280K, reserved 1048576K
}
Event: 1.590 GC heap after
{Heap after GC invocations=1 (full 0):
 garbage-first heap   total 131072K, used 2291K [0x0000000081a00000, 0x0000000100000000)
  region size 1024K, 1 young (1024K), 1 survivors (1024K)
 Metaspace       used 9503K, capacity 9686K, committed 9984K, reserved 1058816K
  class space    used 1143K, capacity 1196K, committed 1280K, reserved 1048576K
}

Deoptimization events (20 events):
Event: 1.728 Thread 0x0000019dcceca790 DEOPT PACKING pc=0x0000019db6d67699 sp=0x0000006a34cfbda0
Event: 1.728 Thread 0x0000019dcceca790 DEOPT UNPACKING pc=0x0000019db66adf30 sp=0x0000006a34cfb298 mode 0
Event: 1.728 Thread 0x0000019dcceca790 DEOPT PACKING pc=0x0000019db6d74a2f sp=0x0000006a34cfb820
Event: 1.728 Thread 0x0000019dcceca790 DEOPT UNPACKING pc=0x0000019db66adf30 sp=0x0000006a34cfada0 mode 0
Event: 1.729 Thread 0x0000019dcceca790 DEOPT PACKING pc=0x0000019db6d67699 sp=0x0000006a34cfbda0
Event: 1.729 Thread 0x0000019dcceca790 DEOPT UNPACKING pc=0x0000019db66adf30 sp=0x0000006a34cfb298 mode 0
Event: 1.729 Thread 0x0000019dcceca790 DEOPT PACKING pc=0x0000019db6d74a2f sp=0x0000006a34cfb820
Event: 1.729 Thread 0x0000019dcceca790 DEOPT UNPACKING pc=0x0000019db66adf30 sp=0x0000006a34cfada0 mode 0
Event: 1.732 Thread 0x0000019dcceca790 DEOPT PACKING pc=0x0000019db6d67699 sp=0x0000006a34cfbda0
Event: 1.732 Thread 0x0000019dcceca790 DEOPT UNPACKING pc=0x0000019db66adf30 sp=0x0000006a34cfb298 mode 0
Event: 1.733 Thread 0x0000019dcceca790 DEOPT PACKING pc=0x0000019db6d74a2f sp=0x0000006a34cfb820
Event: 1.733 Thread 0x0000019dcceca790 DEOPT UNPACKING pc=0x0000019db66adf30 sp=0x0000006a34cfada0 mode 0
Event: 1.734 Thread 0x0000019dcceca790 DEOPT PACKING pc=0x0000019db6d67699 sp=0x0000006a34cfbda0
Event: 1.734 Thread 0x0000019dcceca790 DEOPT UNPACKING pc=0x0000019db66adf30 sp=0x0000006a34cfb298 mode 0
Event: 1.734 Thread 0x0000019dcceca790 DEOPT PACKING pc=0x0000019db6d74a2f sp=0x0000006a34cfb820
Event: 1.734 Thread 0x0000019dcceca790 DEOPT UNPACKING pc=0x0000019db66adf30 sp=0x0000006a34cfada0 mode 0
Event: 1.735 Thread 0x0000019dcceca790 DEOPT PACKING pc=0x0000019db6d67699 sp=0x0000006a34cfbda0
Event: 1.735 Thread 0x0000019dcceca790 DEOPT UNPACKING pc=0x0000019db66adf30 sp=0x0000006a34cfb298 mode 0
Event: 1.735 Thread 0x0000019dcceca790 DEOPT PACKING pc=0x0000019db6d74a2f sp=0x0000006a34cfb820
Event: 1.735 Thread 0x0000019dcceca790 DEOPT UNPACKING pc=0x0000019db66adf30 sp=0x0000006a34cfada0 mode 0

Classes unloaded (0 events):
No events

Classes redefined (0 events):
No events

Internal exceptions (20 events):
Event: 1.024 Thread 0x0000019dae437940 Exception <a 'java/lang/ClassNotFoundException'{0x00000000896bd6b0}: ToolBar> (0x00000000896bd6b0) 
thrown [./open/src/hotspot/share/classfile/systemDictionary.cpp, line 295]
Event: 1.025 Thread 0x0000019dae437940 Exception <a 'java/lang/ClassNotFoundException'{0x00000000896bdba8}: ToolBar> (0x00000000896bdba8) 
thrown [./open/src/hotspot/share/classfile/systemDictionary.cpp, line 295]
Event: 1.025 Thread 0x0000019dae437940 Exception <a 'java/lang/ClassNotFoundException'{0x00000000896bdf08}: Button> (0x00000000896bdf08) 
thrown [./open/src/hotspot/share/classfile/systemDictionary.cpp, line 295]
Event: 1.025 Thread 0x0000019dae437940 Exception <a 'java/lang/ClassNotFoundException'{0x00000000896be3d0}: ToolBar> (0x00000000896be3d0) 
thrown [./open/src/hotspot/share/classfile/systemDictionary.cpp, line 295]
Event: 1.025 Thread 0x0000019dae437940 Exception <a 'java/lang/ClassNotFoundException'{0x00000000896be740}: ToggleButton> (0x00000000896be740) 
thrown [./open/src/hotspot/share/classfile/systemDictionary.cpp, line 295]
Event: 1.025 Thread 0x0000019dae437940 Exception <a 'java/lang/ClassNotFoundException'{0x00000000896beb80}: javax/swing/JToolBarSeparator> (0x00000000896beb80) 
thrown [./open/src/hotspot/share/classfile/systemDictionary.cpp, line 295]
Event: 1.025 Thread 0x0000019dae437940 Exception <a 'java/lang/ClassNotFoundException'{0x00000000896bee88}: ToolBarSeparator> (0x00000000896bee88) 
thrown [./open/src/hotspot/share/classfile/systemDictionary.cpp, line 295]
Event: 1.026 Thread 0x0000019dae437940 Exception <a 'java/lang/ClassNotFoundException'{0x00000000896bf3a0}: ToolTip> (0x00000000896bf3a0) 
thrown [./open/src/hotspot/share/classfile/systemDictionary.cpp, line 295]
Event: 1.028 Thread 0x0000019dae437940 Exception <a 'java/lang/ClassNotFoundException'{0x00000000896bfcf0}: Tree> (0x00000000896bfcf0) 
thrown [./open/src/hotspot/share/classfile/systemDictionary.cpp, line 295]
Event: 1.028 Thread 0x0000019dae437940 Exception <a 'java/lang/ClassNotFoundException'{0x00000000896c01e8}: Tree> (0x00000000896c01e8) 
thrown [./open/src/hotspot/share/classfile/systemDictionary.cpp, line 295]
Event: 1.028 Thread 0x0000019dae437940 Exception <a 'java/lang/ClassNotFoundException'{0x00000000896c0558}: javax/swing/JTreeCell> (0x00000000896c0558) 
thrown [./open/src/hotspot/share/classfile/systemDictionary.cpp, line 295]
Event: 1.029 Thread 0x0000019dae437940 Exception <a 'java/lang/ClassNotFoundException'{0x00000000896c0858}: TreeCell> (0x00000000896c0858) 
thrown [./open/src/hotspot/share/classfile/systemDictionary.cpp, line 295]
Event: 1.030 Thread 0x0000019dae437940 Exception <a 'java/lang/ClassNotFoundException'{0x00000000896c1018}: RootPane> (0x00000000896c1018) 
thrown [./open/src/hotspot/share/classfile/systemDictionary.cpp, line 295]
Event: 1.034 Thread 0x0000019dae437940 Exception <a 'java/lang/ClassNotFoundException'{0x00000000896c3e68}: com/sun/swing/internal/plaf/metal/resources/spi/metalProvider> (0x00000000896c3e68) 
thrown [./open/src/hotspot/share/classfile/systemDictionary.cpp, line 295]
Event: 1.036 Thread 0x0000019dae437940 Exception <a 'java/lang/ClassNotFoundException'{0x00000000896c7e60}: com/sun/swing/internal/plaf/basic/resources/spi/basicProvider> (0x00000000896c7e60) 
thrown [./open/src/hotspot/share/classfile/systemDictionary.cpp, line 295]
Event: 1.099 Thread 0x0000019dcceca790 Exception <a 'java/lang/ClassNotFoundException'{0x000000008955c0c0}: com/sun/swing/internal/plaf/synth/resources/spi/synthProvider> (0x000000008955c0c0) 
thrown [./open/src/hotspot/share/classfile/systemDictionary.cpp, line 295]
Event: 1.373 Thread 0x0000019dcceca790 Exception <a 'java/lang/NoSuchMethodError'{0x0000000089432c58}: 'void java.lang.invoke.DirectMethodHandle$Holder.invokeStaticInit(java.lang.Object)'> (0x0000000089432c58) 
thrown [./open/src/hotspot/share/interpreter/linkResolver.cpp, line 782]
Event: 1.657 Thread 0x0000019dcceca790 Exception <a 'java/lang/NoSuchMethodError'{0x00000000899b7170}: 'java.lang.Object java.lang.invoke.DirectMethodHandle$Holder.invokeInterface(java.lang.Object, java.lang.Object)'> (0x00000000899b7170) 
thrown [./open/src/hotspot/share/interpreter/linkResolver.cpp, line 782]
Event: 1.803 Thread 0x0000019dcceca790 Exception <a 'java/lang/NoSuchMethodError'{0x000000008984b528}: 'void java.lang.invoke.DirectMethodHandle$Holder.invokeStatic(java.lang.Object, java.lang.Object, java.lang.Object)'> (0x000000008984b528) 
thrown [./open/src/hotspot/share/interpreter/linkResolver.cpp, line 782]
Event: 1.806 Thread 0x0000019dcceca790 Exception <a 'java/lang/NoSuchMethodError'{0x00000000898563c8}: 'java.lang.Object java.lang.invoke.DirectMethodHandle$Holder.invokeVirtual(java.lang.Object, java.lang.Object, java.lang.Object)'> (0x00000000898563c8) 
thrown [./open/src/hotspot/share/interpreter/linkResolver.cpp, line 782]

Events (20 events):
Event: 1.753 loading class java/text/MessageFormat
Event: 1.753 loading class java/text/MessageFormat done
Event: 1.756 loading class jdk/internal/math/FDBigInteger
Event: 1.756 loading class jdk/internal/math/FDBigInteger done
Event: 1.796 loading class java/math/MathContext
Event: 1.796 loading class java/math/MathContext done
Event: 1.799 loading class java/util/Collections$UnmodifiableMap$UnmodifiableEntrySet
Event: 1.799 loading class java/util/Collections$UnmodifiableMap$UnmodifiableEntrySet done
Event: 1.799 loading class java/util/Collections$UnmodifiableMap$UnmodifiableEntrySet$UnmodifiableEntrySetSpliterator
Event: 1.799 loading class java/util/Collections$UnmodifiableMap$UnmodifiableEntrySet$UnmodifiableEntrySetSpliterator done
Event: 1.799 loading class java/util/HashMap$EntrySpliterator
Event: 1.799 loading class java/util/HashMap$EntrySpliterator done
Event: 1.800 loading class java/lang/invoke/DirectMethodHandle$Special
Event: 1.800 loading class java/lang/invoke/DirectMethodHandle$Special done
Event: 1.813 loading class java/lang/NoSuchFieldError
Event: 1.813 loading class java/lang/NoSuchFieldError done
Event: 1.860 loading class java/lang/reflect/InvocationHandler
Event: 1.860 loading class java/lang/reflect/InvocationHandler done
Event: 1.907 loading class java/text/MessageFormat$Field
Event: 1.908 loading class java/text/MessageFormat$Field done


Dynamic libraries:
0x00007ff6fbe90000 - 0x00007ff6fbe9d000 	C:\Program Files\Java\jdk-15\bin\java.exe
0x00007ffeaf430000 - 0x00007ffeaf626000 	C:\Windows\SYSTEM32\ntdll.dll
0x00007ffeae720000 - 0x00007ffeae7dd000 	C:\Windows\System32\KERNEL32.DLL
0x00007ffeace00000 - 0x00007ffead0c9000 	C:\Windows\System32\KERNELBASE.dll
0x00007ffeaa500000 - 0x00007ffeaa590000 	C:\Windows\SYSTEM32\apphelp.dll
0x00007ffeacbd0000 - 0x00007ffeaccd0000 	C:\Windows\System32\ucrtbase.dll
0x00007ffe9d640000 - 0x00007ffe9d658000 	C:\Program Files\Java\jdk-15\bin\jli.dll
0x00007ffeae230000 - 0x00007ffeae3d0000 	C:\Windows\System32\USER32.dll
0x00007ffeacb70000 - 0x00007ffeacb92000 	C:\Windows\System32\win32u.dll
0x00007ffeae8f0000 - 0x00007ffeae91a000 	C:\Windows\System32\GDI32.dll
0x00007ffead0d0000 - 0x00007ffead1d9000 	C:\Windows\System32\gdi32full.dll
0x00007ffead1e0000 - 0x00007ffead27d000 	C:\Windows\System32\msvcp_win.dll
0x00007ffea86b0000 - 0x00007ffea86c9000 	C:\Program Files\Java\jdk-15\bin\VCRUNTIME140.dll
0x00007ffe9dd80000 - 0x00007ffe9e01b000 	C:\Windows\WinSxS\amd64_microsoft.windows.common-controls_6595b64144ccf1df_6.0.19041.488_none_ca04af081b815d21\COMCTL32.dll
0x00007ffeae190000 - 0x00007ffeae22e000 	C:\Windows\System32\msvcrt.dll
0x00007ffeaed90000 - 0x00007ffeaedc0000 	C:\Windows\System32\IMM32.DLL
0x00007ffea86a0000 - 0x00007ffea86ac000 	C:\Program Files\Java\jdk-15\bin\vcruntime140_1.dll
0x00007ffe8e3c0000 - 0x00007ffe8e451000 	C:\Program Files\Java\jdk-15\bin\msvcp140.dll
0x00007ffe69960000 - 0x00007ffe6a4bc000 	C:\Program Files\Java\jdk-15\bin\server\jvm.dll
0x00007ffead960000 - 0x00007ffeada0c000 	C:\Windows\System32\ADVAPI32.dll
0x00007ffeaf350000 - 0x00007ffeaf3ec000 	C:\Windows\System32\sechost.dll
0x00007ffeaf1b0000 - 0x00007ffeaf2db000 	C:\Windows\System32\RPCRT4.dll
0x00007ffeae160000 - 0x00007ffeae168000 	C:\Windows\System32\PSAPI.DLL
0x00007ffe9bd90000 - 0x00007ffe9bd99000 	C:\Windows\SYSTEM32\WSOCK32.dll
0x00007ffead490000 - 0x00007ffead4fb000 	C:\Windows\System32\WS2_32.dll
0x00007ffe96c70000 - 0x00007ffe96c97000 	C:\Windows\SYSTEM32\WINMM.dll
0x00007ffea3130000 - 0x00007ffea313a000 	C:\Windows\SYSTEM32\VERSION.dll
0x00007ffeaaac0000 - 0x00007ffeaaad2000 	C:\Windows\SYSTEM32\kernel.appcore.dll
0x00007ffea8680000 - 0x00007ffea868a000 	C:\Program Files\Java\jdk-15\bin\jimage.dll
0x00007ffea7620000 - 0x00007ffea7804000 	C:\Windows\SYSTEM32\DBGHELP.DLL
0x00007ffe97d30000 - 0x00007ffe97d5c000 	C:\Windows\SYSTEM32\dbgcore.DLL
0x00007ffeacd80000 - 0x00007ffeace00000 	C:\Windows\System32\bcryptPrimitives.dll
0x00007ffe94c80000 - 0x00007ffe94ca5000 	C:\Program Files\Java\jdk-15\bin\java.dll
0x00007ffeada10000 - 0x00007ffeae152000 	C:\Windows\System32\SHELL32.dll
0x00007ffeaacc0000 - 0x00007ffeab455000 	C:\Windows\SYSTEM32\windows.storage.dll
0x00007ffeaee50000 - 0x00007ffeaf1a6000 	C:\Windows\System32\combase.dll
0x00007ffeac510000 - 0x00007ffeac53c000 	C:\Windows\SYSTEM32\Wldp.dll
0x00007ffead660000 - 0x00007ffead70e000 	C:\Windows\System32\SHCORE.dll
0x00007ffeae3e0000 - 0x00007ffeae435000 	C:\Windows\System32\shlwapi.dll
0x00007ffeacaa0000 - 0x00007ffeacac6000 	C:\Windows\SYSTEM32\profapi.dll
0x00007ffe9e7c0000 - 0x00007ffe9e7d9000 	C:\Program Files\Java\jdk-15\bin\net.dll
0x00007ffe9f190000 - 0x00007ffe9f290000 	C:\Windows\SYSTEM32\WINHTTP.dll
0x00007ffeac290000 - 0x00007ffeac2fa000 	C:\Windows\system32\mswsock.dll
0x00007ffe9e1b0000 - 0x00007ffe9e1c2000 	C:\Program Files\Java\jdk-15\bin\nio.dll
0x00007ffe92c60000 - 0x00007ffe92c78000 	C:\Program Files\Java\jdk-15\bin\zip.dll
0x00007ffe7ee90000 - 0x00007ffe7f00f000 	C:\Program Files\Java\jdk-15\bin\awt.dll
0x00007ffead830000 - 0x00007ffead8fd000 	C:\Windows\System32\OLEAUT32.dll
0x00007ffeaa600000 - 0x00007ffeaa69e000 	C:\Windows\system32\uxtheme.dll
0x00007ffead710000 - 0x00007ffead826000 	C:\Windows\System32\MSCTF.dll
0x00007ffeae440000 - 0x00007ffeae56a000 	C:\Windows\System32\ole32.dll
0x00007ffeaa7d0000 - 0x00007ffeaa7ff000 	C:\Windows\system32\DWMAPI.DLL
0x00007ffe805b0000 - 0x00007ffe80635000 	C:\Program Files\Java\jdk-15\bin\freetype.dll
0x00007ffe7f7a0000 - 0x00007ffe7f849000 	C:\Program Files\Java\jdk-15\bin\fontmanager.dll
0x00007ffe7fbe0000 - 0x00007ffe7fd05000 	C:\Windows\system32\opengl32.dll
0x00007ffe8ec50000 - 0x00007ffe8ec7c000 	C:\Windows\SYSTEM32\GLU32.dll

dbghelp: loaded successfully - version: 4.0.5 - missing functions: none
symbol engine: initialized successfully - sym options: 0x614 - pdb path: .;C:\Program Files\Java\jdk-15\bin;C:\Windows\SYSTEM32;C:\Windows\WinSxS\amd64_microsoft.windows.common-controls_6595b64144ccf1df_6.0.19041.488_none_ca04af081b815d21;C:\Program Files\Java\jdk-15\bin\server

VM Arguments:
jvm_args: -Dfile.encoding=UTF-8 
java_command: bukuperpus.Home
java_class_path (initial): D:\Downloads\Compressed\mysql-connector-java-8.0.22;D:\Downloads\Compressed\mysql-connector-java-8.0.22\mysql-connector-java-8.0.22.jar;C:\Users\mada\Documents\NetBeansProjects\bukuperpus\build\classes
Launcher Type: SUN_STANDARD

[Global flags]
     intx CICompilerCount                          = 2                                         {product} {ergonomic}
     uint ConcGCThreads                            = 1                                         {product} {ergonomic}
     uint G1ConcRefinementThreads                  = 2                                         {product} {ergonomic}
   size_t G1HeapRegionSize                         = 1048576                                   {product} {ergonomic}
    uintx GCDrainStackTargetSize                   = 64                                        {product} {ergonomic}
   size_t InitialHeapSize                          = 134217728                                 {product} {ergonomic}
   size_t MarkStackSize                            = 4194304                                   {product} {ergonomic}
   size_t MaxHeapSize                              = 2120220672                                {product} {ergonomic}
   size_t MaxNewSize                               = 1271922688                                {product} {ergonomic}
   size_t MinHeapDeltaBytes                        = 1048576                                   {product} {ergonomic}
   size_t MinHeapSize                              = 8388608                                   {product} {ergonomic}
    uintx NonNMethodCodeHeapSize                   = 5826188                                {pd product} {ergonomic}
    uintx NonProfiledCodeHeapSize                  = 122916026                              {pd product} {ergonomic}
    uintx ProfiledCodeHeapSize                     = 122916026                              {pd product} {ergonomic}
    uintx ReservedCodeCacheSize                    = 251658240                              {pd product} {ergonomic}
     bool SegmentedCodeCache                       = true                                      {product} {ergonomic}
   size_t SoftMaxHeapSize                          = 2120220672                             {manageable} {ergonomic}
     bool UseCompressedClassPointers               = true                                 {lp64_product} {ergonomic}
     bool UseCompressedOops                        = true                                 {lp64_product} {ergonomic}
     bool UseG1GC                                  = true                                      {product} {ergonomic}
     bool UseLargePagesIndividualAllocation        = false                                  {pd product} {ergonomic}

Logging:
Log output configuration:
 #0: stdout all=warning uptime,level,tags
 #1: stderr all=off uptime,level,tags

Environment Variables:
JAVA_HOME=C:\Program Files\Java\jdk-15
PATH=C:\Program Files (x86)\Intel\iCLS Client\;C:\Program Files\Intel\iCLS Client\;C:\Windows\system32;C:\Windows;C:\Windows\System32\Wbem;C:\Windows\System32\WindowsPowerShell\v1.0\;C:\Windows\System32\OpenSSH\;C:\Program Files (x86)\Intel\OpenCL SDK\2.0\bin\x86;C:\Program Files (x86)\Intel\OpenCL SDK\2.0\bin\x64;C:\Program Files\Intel\Intel(R) Management Engine Components\DAL;C:\Program Files\Intel\Intel(R) Management Engine Components\IPT;C:\Program Files (x86)\Intel\Intel(R) Management Engine Components\DAL;C:\Program Files (x86)\Intel\Intel(R) Management Engine Components\IPT;C:\Program Files\IBM\SPSS\Statistics\25\JRE\bin;C:\Program Files\dotnet\;C:\Program Files\Git\cmd;C:\Users\mada\AppData\Local\Microsoft\WindowsApps;C:\Users\mada\AppData\Local\Programs\Microsoft VS Code\bin;C:\Program Files\Java\jdk-15\bin;C:\Program Files\mingw-w64\x86_64-8.1.0-posix-seh-rt_v6-rev0\mingw64\bin
USERNAME=mada
OS=Windows_NT
PROCESSOR_IDENTIFIER=Intel64 Family 6 Model 42 Stepping 7, GenuineIntel



---------------  S Y S T E M  ---------------

OS:
 Windows 10 , 64 bit Build 19041 (10.0.19041.662)
OS uptime: 1 days 8:28 hours

CPU: total 2 (initial active 2) (2 cores per cpu, 1 threads per core) family 6 model 42 stepping 7, cmov, cx8, fxsr, mmx, sse, sse2, sse3, ssse3, sse4.1, sse4.2, popcnt, clmul, tsc, tscinvbit, clflush

Memory: 4k page, system-wide physical 8081M (1278M free)
TotalPageFile size 8081M (AvailPageFile size 3M)
current process WorkingSet (physical memory assigned to process): 65M, peak: 65M
current process commit charge ("private bytes"): 218M, peak: 218M

vm_info: OpenJDK 64-Bit Server VM (15+36-1562) for windows-amd64 JRE (15+36-1562), built on Aug 11 2020 22:33:04 by "mach5one" with unknown MS VC++:1925

END.
